#
# A fatal error has been detected by the Java Runtime Environment:
#
#  SIGILL (0x4) at pc=0x00007fffd975ebde, pid=8023, tid=515
#
# JRE version: Java(TM) SE Runtime Environment (8.0_73-b02) (build 1.8.0_73-b02)
# Java VM: Java HotSpot(TM) 64-Bit Server VM (25.73-b02 mixed mode bsd-amd64 compressed oops)
# Problematic frame:
# C  [libsystem_platform.dylib+0x5bde]  _os_unfair_lock_corruption_abort+0x17
#
# Failed to write core dump. Core dumps have been disabled. To enable core dumping, try "ulimit -c unlimited" before starting Java again
#
# If you would like to submit a bug report, please visit:
#   http://bugreport.java.com/bugreport/crash.jsp
# The crash happened outside the Java Virtual Machine in native code.
# See problematic frame for where to report the bug.
#

---------------  T H R E A D  ---------------

Current thread (0x0000000101df9800):  JavaThread "Spawner Reaper" daemon [_thread_in_native, id=200871, stack(0x000070000febc000,0x000070000ffbc000)]

siginfo: si_signo: 4 (SIGILL), si_code: 1 (ILL_ILLOPC), si_addr: 0x00007fffd975ebde

Registers:
RAX=0x000000000000150a, RBX=0x000000000000150a, RCX=0x00007fffd9760b6c, RDX=0x0000000000000000
RSP=0x000070000ffbb1a8, RBP=0x000070000ffbb1e0, RSI=0x00007fffe21a2b80, RDI=0x000000000000150a
R8 =0x000000000000063c, R9 =0x00000001005457d0, R10=0x0000000000000000, R11=0x0000000000000246
R12=0x00007fffe21a2b80, R13=0x0000000000000203, R14=0x0000000001010002, R15=0x0000000000000203
RIP=0x00007fffd975ebde, EFLAGS=0x0000000000010246, ERR=0x0000000000000000
  TRAPNO=0x0000000000000006

Top of Stack: (sp=0x000070000ffbb1a8)
0x000070000ffbb1a8:   00007fffd975e44e 000000000000150b
0x000070000ffbb1b8:   0000000000000700 000000012a02c7f0
0x000070000ffbb1c8:   00007fffe21a2480 00007fffe21a2b80
0x000070000ffbb1d8:   000000013379e6c8 000070000ffbb230
0x000070000ffbb1e8:   00007fffd8c68370 0000000000000000
0x000070000ffbb1f8:   0000000000000000 0000000000000000
0x000070000ffbb208:   000000012a02c7f0 0000000000000000
0x000070000ffbb218:   0000000000000000 000000012a02c701
0x000070000ffbb228:   000000013379e6c8 000070000ffbb250
0x000070000ffbb238:   00007fffd8c680b7 000000012a02c7f0
0x000070000ffbb248:   000000012a02c7f0 000070000ffbb270
0x000070000ffbb258:   00007fffd8c68017 0000000000000000
0x000070000ffbb268:   0000000100457c40 000070000ffbb2e0
0x000070000ffbb278:   00007fffd97a7672 0000000000000000
0x000070000ffbb288:   000070000ffbb300 0300000780001513
0x000070000ffbb298:   0000000110000003 00000001005df020
0x000070000ffbb2a8:   00000023337c1c80 000000013379a6b0
0x000070000ffbb2b8:   000000000000008d 00000000000000cf
0x000070000ffbb2c8:   0000000100009440 0000000000000005
0x000070000ffbb2d8:   00000001337c1c80 000070000ffbb350
0x000070000ffbb2e8:   00007fffd97a734d 0000000000000008
0x000070000ffbb2f8:   000070000ffbb390 0000000000000000
0x000070000ffbb308:   00000001337c1c80 00007fffd97c260d
0x000070000ffbb318:   00000001337c1c80 000070000ffbb350
0x000070000ffbb328:   0000000000000008 0000000000000000
0x000070000ffbb338:   00000001337c1c80 0000000000000008
0x000070000ffbb348:   00007fffd9661290 000070000ffbb3e0
0x000070000ffbb358:   00007fffd97a6f00 0000000000000000
0x000070000ffbb368:   0000000000000000 000070000ffbb3f0
0x000070000ffbb378:   0000000000000000 00007fffd9661290
0x000070000ffbb388:   000070000ffbb424 0000000000000000
0x000070000ffbb398:   0000000000000000 0000000000000000 

Instructions: (pc=0x00007fffd975ebde)
0x00007fffd975ebbe:   89 f7 e8 55 18 00 00 eb ae 89 f8 48 8d 0d 9c 1f
0x00007fffd975ebce:   00 00 48 89 0d e1 36 af 08 48 89 05 0a 37 af 08
0x00007fffd975ebde:   0f 0b 89 f8 48 8d 0d 12 20 00 00 48 89 0d c8 36
0x00007fffd975ebee:   af 08 48 89 05 f1 36 af 08 0f 0b 55 48 89 e5 41 

Register to memory mapping:

RAX=0x000000000000150a is an unknown value
RBX=0x000000000000150a is an unknown value
RCX=0x00007fffd9760b6c: _h+0x25c in /usr/lib/system/libsystem_platform.dylib at 0x00007fffd9759000
RDX=0x0000000000000000 is an unknown value
RSP=0x000070000ffbb1a8 is pointing into the stack for thread: 0x0000000101df9800
RBP=0x000070000ffbb1e0 is pointing into the stack for thread: 0x0000000101df9800
RSI=0x00007fffe21a2b80: _ZN12_GLOBAL__N_1L12SideTableBufE+0x700 in /usr/lib/libobjc.A.dylib at 0x00007fffd8c5f000
RDI=0x000000000000150a is an unknown value
R8 =0x000000000000063c is an unknown value
R9 =0x00000001005457d0 is an unknown value
R10=0x0000000000000000 is an unknown value
R11=0x0000000000000246 is an unknown value
R12=0x00007fffe21a2b80: _ZN12_GLOBAL__N_1L12SideTableBufE+0x700 in /usr/lib/libobjc.A.dylib at 0x00007fffd8c5f000
R13=0x0000000000000203 is an unknown value
R14=0x0000000001010002 is an unknown value
R15=0x0000000000000203 is an unknown value


Stack: [0x000070000febc000,0x000070000ffbc000],  sp=0x000070000ffbb1a8,  free space=1020k
Native frames: (J=compiled Java code, j=interpreted, Vv=VM code, C=native code)
C  [libsystem_platform.dylib+0x5bde]  _os_unfair_lock_corruption_abort+0x17
C  [libobjc.A.dylib+0x9370]  _ZN11objc_object27sidetable_clearDeallocatingEv+0x54
C  [libobjc.A.dylib+0x90b7]  objc_destructInstance+0x8f
C  [libobjc.A.dylib+0x9017]  object_dispose+0x16
C  [libxpc.dylib+0x5672]  xpc_pipe_routine+0x297
C  [libxpc.dylib+0x534d]  _xpc_interface_routine+0xa4
C  [libxpc.dylib+0x4f00]  bootstrap_look_up3+0xc1
C  [libxpc.dylib+0x4e2d]  bootstrap_look_up2+0x2d
C  [libxpc.dylib+0x708f]  xpc_pipe_create+0x3d
C  [libsystem_info.dylib+0x1a9f]  _od_xpc_pipe+0x96
C  [libsystem_info.dylib+0x19dc]  _od_running+0xd
C  [libsystem_info.dylib+0x6191]  ds_group_byname+0x12
C  [libsystem_info.dylib+0x6112]  search_group_byname+0x66
C  [libsystem_info.dylib+0x6068]  getgrnam+0x33
C  [libspawner.jnilib+0x265e]  ptys_open+0x1e
C  [libspawner.jnilib+0x20ee]  exec_pty+0x22e
C  [libspawner.jnilib+0x1102]  Java_org_eclipse_cdt_utils_spawner_Spawner_exec2+0x182
j  org.eclipse.cdt.utils.spawner.Spawner.exec2([Ljava/lang/String;[Ljava/lang/String;Ljava/lang/String;[ILjava/lang/String;IZ)I+0
j  org.eclipse.cdt.utils.pty.PTY.exec_pty(Lorg/eclipse/cdt/utils/spawner/Spawner;[Ljava/lang/String;[Ljava/lang/String;Ljava/lang/String;[I)I+48
j  org.eclipse.cdt.utils.spawner.Spawner$2.execute([Ljava/lang/String;[Ljava/lang/String;Ljava/lang/String;[I)I+13
j  org.eclipse.cdt.utils.spawner.Spawner$Reaper.run()V+20
v  ~StubRoutines::call_stub
V  [libjvm.dylib+0x2eae7a]
V  [libjvm.dylib+0x2eb608]
V  [libjvm.dylib+0x2eb7b4]
V  [libjvm.dylib+0x345d31]
V  [libjvm.dylib+0x561753]
V  [libjvm.dylib+0x562e4e]
V  [libjvm.dylib+0x4838a2]
C  [libsystem_pthread.dylib+0x3abb]  _pthread_body+0xb4
C  [libsystem_pthread.dylib+0x3a07]  _pthread_body+0x0
C  [libsystem_pthread.dylib+0x3231]  thread_start+0xd
C  0x0000000000000000

Java frames: (J=compiled Java code, j=interpreted, Vv=VM code)
j  org.eclipse.cdt.utils.spawner.Spawner.exec2([Ljava/lang/String;[Ljava/lang/String;Ljava/lang/String;[ILjava/lang/String;IZ)I+0
j  org.eclipse.cdt.utils.pty.PTY.exec_pty(Lorg/eclipse/cdt/utils/spawner/Spawner;[Ljava/lang/String;[Ljava/lang/String;Ljava/lang/String;[I)I+48
j  org.eclipse.cdt.utils.spawner.Spawner$2.execute([Ljava/lang/String;[Ljava/lang/String;Ljava/lang/String;[I)I+13
j  org.eclipse.cdt.utils.spawner.Spawner$Reaper.run()V+20
v  ~StubRoutines::call_stub

---------------  P R O C E S S  ---------------

Java Threads: ( => current thread )
=>0x0000000101df9800 JavaThread "Spawner Reaper" daemon [_thread_in_native, id=200871, stack(0x000070000febc000,0x000070000ffbc000)]
  0x0000000105c45000 JavaThread "Worker-183" [_thread_blocked, id=179891, stack(0x000070000fdb9000,0x000070000feb9000)]
  0x00000001373bb000 JavaThread "Worker-182" [_thread_blocked, id=199787, stack(0x000070000fc33000,0x000070000fd33000)]
  0x00000001069c9000 JavaThread "Worker-181" [_thread_blocked, id=202571, stack(0x000070000f6a1000,0x000070000f7a1000)]
  0x000000013714d800 JavaThread "Worker-180" [_thread_blocked, id=206667, stack(0x000070000eb80000,0x000070000ec80000)]
  0x0000000104b53000 JavaThread "Worker-179" [_thread_blocked, id=181743, stack(0x000070000d32f000,0x000070000d42f000)]
  0x0000000104890000 JavaThread "Worker-178" [_thread_blocked, id=201291, stack(0x000070000ce9d000,0x000070000cf9d000)]
  0x0000000101311000 JavaThread "Worker-177" [_thread_blocked, id=159003, stack(0x000070000a396000,0x000070000a496000)]
  0x000000013704f800 JavaThread "org.eclipse.cdt.internal.ui.text.CReconciler" daemon [_thread_blocked, id=139507, stack(0x000070000fb30000,0x000070000fc30000)]
  0x0000000104277000 JavaThread "Worker-172" [_thread_blocked, id=188107, stack(0x000070000f9aa000,0x000070000faaa000)]
  0x0000000101dac800 JavaThread "Worker-171" [_thread_blocked, id=190075, stack(0x000070000f8a7000,0x000070000f9a7000)]
  0x000000012949c800 JavaThread "org.eclipse.jface.text.reconciler.MonoReconciler" daemon [_thread_blocked, id=179619, stack(0x000070000e2e8000,0x000070000e3e8000)]
  0x000000010139b000 JavaThread "org.eclipse.cdt.internal.ui.text.CReconciler" daemon [_thread_blocked, id=167255, stack(0x000070000d129000,0x000070000d229000)]
  0x000000010135b000 JavaThread "org.eclipse.cdt.internal.ui.text.CReconciler" daemon [_thread_blocked, id=123967, stack(0x000070000f7a4000,0x000070000f8a4000)]
  0x00000001294d5000 JavaThread "org.eclipse.cdt.internal.ui.text.CReconciler" daemon [_thread_blocked, id=93939, stack(0x000070000f398000,0x000070000f498000)]
  0x00000001370f3800 JavaThread "org.eclipse.cdt.internal.ui.text.CReconciler" daemon [_thread_blocked, id=160591, stack(0x000070000ddd6000,0x000070000ded6000)]
  0x000000012aaea000 JavaThread "org.eclipse.cdt.internal.ui.text.CReconciler" daemon [_thread_blocked, id=134435, stack(0x000070000dcd3000,0x000070000ddd3000)]
  0x0000000105c03800 JavaThread "Process monitor" daemon [_thread_blocked, id=153455, stack(0x000070000f59e000,0x000070000f69e000)]
  0x000000012ab48800 JavaThread "Input Stream Monitor" daemon [_thread_blocked, id=150467, stack(0x000070000f49b000,0x000070000f59b000)]
  0x000000012a849000 JavaThread "Output Stream Monitor" daemon [_thread_in_native, id=137631, stack(0x000070000f295000,0x000070000f395000)]
  0x000000011d193000 JavaThread "Output Stream Monitor" daemon [_thread_in_native, id=152447, stack(0x000070000f192000,0x000070000f292000)]
  0x0000000101014800 JavaThread "Spawner Reaper" daemon [_thread_in_native, id=153675, stack(0x000070000ea7d000,0x000070000eb7d000)]
  0x000000012a8cd800 JavaThread "Worker-97" [_thread_blocked, id=130691, stack(0x000070000d5b8000,0x000070000d6b8000)]
  0x00000001012dd000 JavaThread "Process monitor" daemon [_thread_blocked, id=149255, stack(0x000070000f08f000,0x000070000f18f000)]
  0x0000000105bb2800 JavaThread "Input Stream Monitor" daemon [_thread_blocked, id=149767, stack(0x000070000ef8c000,0x000070000f08c000)]
  0x000000011d0d4800 JavaThread "Output Stream Monitor" daemon [_thread_in_native, id=141555, stack(0x000070000ee89000,0x000070000ef89000)]
  0x0000000129314800 JavaThread "Output Stream Monitor" daemon [_thread_in_native, id=146515, stack(0x000070000ed86000,0x000070000ee86000)]
  0x0000000104f69800 JavaThread "Spawner Reaper" daemon [_thread_in_native, id=124339, stack(0x000070000ec83000,0x000070000ed83000)]
  0x0000000101207000 JavaThread "Worker-83" [_thread_blocked, id=145695, stack(0x000070000e0df000,0x000070000e1df000)]
  0x0000000129f5d800 JavaThread "Process monitor" daemon [_thread_blocked, id=130183, stack(0x000070000e97a000,0x000070000ea7a000)]
  0x000000012a8e8000 JavaThread "Input Stream Monitor" daemon [_thread_blocked, id=129063, stack(0x000070000e877000,0x000070000e977000)]
  0x000000012afbd000 JavaThread "Output Stream Monitor" daemon [_thread_in_native, id=58279, stack(0x000070000e774000,0x000070000e874000)]
  0x000000012a8d2000 JavaThread "Output Stream Monitor" daemon [_thread_in_native, id=138195, stack(0x000070000e4eb000,0x000070000e5eb000)]
  0x0000000101205000 JavaThread "Spawner Reaper" daemon [_thread_in_native, id=126823, stack(0x000070000e1e5000,0x000070000e2e5000)]
  0x0000000106802800 JavaThread "Worker-80" [_thread_blocked, id=133687, stack(0x000070000dbd0000,0x000070000dcd0000)]
  0x0000000104d70000 JavaThread "Process monitor" daemon [_thread_blocked, id=96291, stack(0x000070000dacd000,0x000070000dbcd000)]
  0x0000000106939800 JavaThread "Input Stream Monitor" daemon [_thread_blocked, id=98371, stack(0x000070000d9ca000,0x000070000daca000)]
  0x00000001068d7000 JavaThread "Output Stream Monitor" daemon [_thread_in_native, id=100767, stack(0x000070000d8c7000,0x000070000d9c7000)]
  0x0000000105a75800 JavaThread "Output Stream Monitor" daemon [_thread_in_native, id=111959, stack(0x000070000d6be000,0x000070000d7be000)]
  0x0000000104d4e800 JavaThread "Spawner Reaper" daemon [_thread_in_native, id=119975, stack(0x000070000d4b5000,0x000070000d5b5000)]
  0x0000000104062000 JavaThread "Worker-33" [_thread_blocked, id=99067, stack(0x000070000dfdc000,0x000070000e0dc000)]
  0x0000000129df7000 JavaThread "Provisioning Event Dispatcher" daemon [_thread_blocked, id=97539, stack(0x000070000e671000,0x000070000e771000)]
  0x0000000106934000 JavaThread "Thread-11" [_thread_blocked, id=94227, stack(0x000070000ded9000,0x000070000dfd9000)]
  0x000000012abdd800 JavaThread "EventAdmin Async Event Dispatcher Thread" daemon [_thread_blocked, id=76607, stack(0x000070000d22c000,0x000070000d32c000)]
  0x000000012a8c0000 JavaThread "Bundle File Closer" daemon [_thread_blocked, id=75787, stack(0x000070000d026000,0x000070000d126000)]
  0x0000000129be3800 JavaThread "[ThreadPool Manager] - Idle Thread" daemon [_thread_blocked, id=1035, stack(0x000070000cc94000,0x000070000cd94000)]
  0x00000001019f0800 JavaThread "EMF Reference Cleaner" daemon [_thread_blocked, id=66307, stack(0x000070000cb91000,0x000070000cc91000)]
  0x0000000101424000 JavaThread "Worker-JM" [_thread_blocked, id=65795, stack(0x000070000ca8e000,0x000070000cb8e000)]
  0x0000000100b0c800 JavaThread "[Timer] - Main Queue Handler" daemon [_thread_blocked, id=65287, stack(0x000070000c98b000,0x000070000ca8b000)]
  0x0000000101a2b000 JavaThread "Start Level: Equinox Container: 90afd109-55bb-0016-1775-da12fa45a760" daemon [_thread_blocked, id=59651, stack(0x000070000c785000,0x000070000c885000)]
  0x000000010126a000 JavaThread "Framework Event Dispatcher: org.eclipse.osgi.internal.framework.EquinoxEventPublisher@402f80f5" daemon [_thread_blocked, id=59139, stack(0x000070000c682000,0x000070000c782000)]
  0x00000001049cb800 JavaThread "Active Thread: Equinox Container: 90afd109-55bb-0016-1775-da12fa45a760" [_thread_blocked, id=58639, stack(0x000070000c57f000,0x000070000c67f000)]
  0x0000000100902000 JavaThread "Service Thread" daemon [_thread_blocked, id=38147, stack(0x000070000c379000,0x000070000c479000)]
  0x0000000101021000 JavaThread "C1 CompilerThread3" daemon [_thread_blocked, id=37635, stack(0x000070000c276000,0x000070000c376000)]
  0x0000000101020800 JavaThread "C2 CompilerThread2" daemon [_thread_blocked, id=37123, stack(0x000070000c173000,0x000070000c273000)]
  0x000000010101f800 JavaThread "C2 CompilerThread1" daemon [_thread_in_native, id=36611, stack(0x000070000c070000,0x000070000c170000)]
  0x000000010101b800 JavaThread "C2 CompilerThread0" daemon [_thread_blocked, id=36099, stack(0x000070000bf6d000,0x000070000c06d000)]
  0x000000010101d800 JavaThread "Signal Dispatcher" daemon [_thread_blocked, id=35587, stack(0x000070000be6a000,0x000070000bf6a000)]
  0x0000000101841000 JavaThread "Surrogate Locker Thread (Concurrent GC)" daemon [_thread_blocked, id=34819, stack(0x000070000bd67000,0x000070000be67000)]
  0x0000000101016800 JavaThread "Finalizer" daemon [_thread_blocked, id=33795, stack(0x000070000bc64000,0x000070000bd64000)]
  0x0000000101820800 JavaThread "Reference Handler" daemon [_thread_blocked, id=33283, stack(0x000070000bb61000,0x000070000bc61000)]
  0x0000000100829800 JavaThread "main" [_thread_in_native, id=5387, stack(0x00007fff5f400000,0x00007fff5fc00000)]

Other Threads:
  0x0000000100901800 VMThread [stack: 0x000070000ba5e000,0x000070000bb5e000] [id=32771]
  0x000000010091c800 WatcherThread [stack: 0x000070000c47c000,0x000070000c57c000] [id=38659]

VM state:not at safepoint (normal execution)

VM Mutex/Monitor currently owned by a thread: None

Heap:
 garbage-first heap   total 262144K, used 187420K [0x0000000780000000, 0x0000000780100800, 0x00000007c0000000)
  region size 1024K, 86 young (88064K), 5 survivors (5120K)
 Metaspace       used 108638K, capacity 118516K, committed 118864K, reserved 1153024K
  class space    used 12736K, capacity 15678K, committed 15744K, reserved 1048576K

Heap Regions: (Y=young(eden), SU=young(survivor), HS=humongous(starts), HC=humongous(continues), CS=collection set, F=free, TS=gc time stamp, PTAMS=previous top-at-mark-start, NTAMS=next top-at-mark-start)
AC   0  O    TS     0 PTAMS 0x0000000780100000 NTAMS 0x0000000780100000 space 1024K, 100% used [0x0000000780000000, 0x0000000780100000)
AC   0  O    TS     0 PTAMS 0x0000000780200000 NTAMS 0x0000000780200000 space 1024K, 100% used [0x0000000780100000, 0x0000000780200000)
AC   0  O    TS     0 PTAMS 0x0000000780300000 NTAMS 0x0000000780300000 space 1024K, 100% used [0x0000000780200000, 0x0000000780300000)
AC   0  O    TS     0 PTAMS 0x0000000780400000 NTAMS 0x0000000780400000 space 1024K, 100% used [0x0000000780300000, 0x0000000780400000)
AC   0  O    TS     0 PTAMS 0x0000000780500000 NTAMS 0x0000000780500000 space 1024K, 100% used [0x0000000780400000, 0x0000000780500000)
AC   0  O    TS    35 PTAMS 0x0000000780500000 NTAMS 0x0000000780500000 space 1024K, 100% used [0x0000000780500000, 0x0000000780600000)
AC   0  O    TS     3 PTAMS 0x0000000780600000 NTAMS 0x0000000780600000 space 1024K, 100% used [0x0000000780600000, 0x0000000780700000)
AC   0  O    TS     0 PTAMS 0x0000000780800000 NTAMS 0x0000000780800000 space 1024K, 100% used [0x0000000780700000, 0x0000000780800000)
AC   0  O    TS     0 PTAMS 0x0000000780900000 NTAMS 0x0000000780900000 space 1024K, 100% used [0x0000000780800000, 0x0000000780900000)
AC   0  O    TS     0 PTAMS 0x0000000780a00000 NTAMS 0x0000000780a00000 space 1024K, 100% used [0x0000000780900000, 0x0000000780a00000)
AC   0  O    TS     0 PTAMS 0x0000000780b00000 NTAMS 0x0000000780b00000 space 1024K, 100% used [0x0000000780a00000, 0x0000000780b00000)
AC   0  O    TS     0 PTAMS 0x0000000780c00000 NTAMS 0x0000000780c00000 space 1024K, 100% used [0x0000000780b00000, 0x0000000780c00000)
AC   0  O    TS     3 PTAMS 0x0000000780c00000 NTAMS 0x0000000780c00000 space 1024K, 100% used [0x0000000780c00000, 0x0000000780d00000)
AC   0  O    TS    37 PTAMS 0x0000000780d00000 NTAMS 0x0000000780d00000 space 1024K, 100% used [0x0000000780d00000, 0x0000000780e00000)
AC   0  O    TS     3 PTAMS 0x0000000780e00000 NTAMS 0x0000000780e00000 space 1024K, 100% used [0x0000000780e00000, 0x0000000780f00000)
AC   0  O    TS     0 PTAMS 0x0000000781000000 NTAMS 0x0000000781000000 space 1024K, 100% used [0x0000000780f00000, 0x0000000781000000)
AC   0  O    TS     0 PTAMS 0x0000000781100000 NTAMS 0x0000000781100000 space 1024K, 100% used [0x0000000781000000, 0x0000000781100000)
AC   0  O    TS     0 PTAMS 0x0000000781200000 NTAMS 0x0000000781200000 space 1024K, 100% used [0x0000000781100000, 0x0000000781200000)
AC   0  O    TS     0 PTAMS 0x0000000781300000 NTAMS 0x0000000781300000 space 1024K, 100% used [0x0000000781200000, 0x0000000781300000)
AC   0  O    TS     0 PTAMS 0x0000000781400000 NTAMS 0x0000000781400000 space 1024K, 100% used [0x0000000781300000, 0x0000000781400000)
AC   0  O    TS     0 PTAMS 0x0000000781500000 NTAMS 0x0000000781500000 space 1024K, 100% used [0x0000000781400000, 0x0000000781500000)
AC   0  O    TS     0 PTAMS 0x0000000781600000 NTAMS 0x0000000781600000 space 1024K, 100% used [0x0000000781500000, 0x0000000781600000)
AC   0  O    TS    39 PTAMS 0x0000000781600000 NTAMS 0x0000000781600000 space 1024K, 100% used [0x0000000781600000, 0x0000000781700000)
AC   0  O    TS     3 PTAMS 0x0000000781700000 NTAMS 0x0000000781700000 space 1024K, 100% used [0x0000000781700000, 0x0000000781800000)
AC   0  O    TS     3 PTAMS 0x0000000781800000 NTAMS 0x0000000781800000 space 1024K, 100% used [0x0000000781800000, 0x0000000781900000)
AC   0  O    TS    53 PTAMS 0x0000000781900000 NTAMS 0x0000000781900000 space 1024K, 100% used [0x0000000781900000, 0x0000000781a00000)
AC   0  O    TS     3 PTAMS 0x0000000781a00000 NTAMS 0x0000000781a00000 space 1024K, 100% used [0x0000000781a00000, 0x0000000781b00000)
AC   0  O    TS    35 PTAMS 0x0000000781b00000 NTAMS 0x0000000781b00000 space 1024K, 100% used [0x0000000781b00000, 0x0000000781c00000)
AC   0  O    TS     0 PTAMS 0x0000000781d00000 NTAMS 0x0000000781d00000 space 1024K, 100% used [0x0000000781c00000, 0x0000000781d00000)
AC   0  O    TS     0 PTAMS 0x0000000781e00000 NTAMS 0x0000000781e00000 space 1024K, 100% used [0x0000000781d00000, 0x0000000781e00000)
AC   0  O    TS     0 PTAMS 0x0000000781f00000 NTAMS 0x0000000781f00000 space 1024K, 100% used [0x0000000781e00000, 0x0000000781f00000)
AC   0  O    TS     0 PTAMS 0x0000000782000000 NTAMS 0x0000000782000000 space 1024K, 100% used [0x0000000781f00000, 0x0000000782000000)
AC   0  O    TS     0 PTAMS 0x0000000782100000 NTAMS 0x0000000782100000 space 1024K, 100% used [0x0000000782000000, 0x0000000782100000)
AC   0  O    TS     0 PTAMS 0x0000000782200000 NTAMS 0x0000000782200000 space 1024K, 100% used [0x0000000782100000, 0x0000000782200000)
AC   0  O    TS     0 PTAMS 0x0000000782300000 NTAMS 0x0000000782300000 space 1024K, 100% used [0x0000000782200000, 0x0000000782300000)
AC   0  O    TS     0 PTAMS 0x0000000782400000 NTAMS 0x0000000782400000 space 1024K, 100% used [0x0000000782300000, 0x0000000782400000)
AC   0  O    TS     0 PTAMS 0x0000000782500000 NTAMS 0x0000000782500000 space 1024K, 100% used [0x0000000782400000, 0x0000000782500000)
AC   0  O    TS     0 PTAMS 0x0000000782600000 NTAMS 0x0000000782600000 space 1024K, 100% used [0x0000000782500000, 0x0000000782600000)
AC   0  O    TS     0 PTAMS 0x0000000782700000 NTAMS 0x0000000782700000 space 1024K, 100% used [0x0000000782600000, 0x0000000782700000)
AC   0  O    TS     0 PTAMS 0x0000000782800000 NTAMS 0x0000000782800000 space 1024K, 100% used [0x0000000782700000, 0x0000000782800000)
AC   0  O    TS     0 PTAMS 0x0000000782900000 NTAMS 0x0000000782900000 space 1024K, 100% used [0x0000000782800000, 0x0000000782900000)
AC   0  O    TS     0 PTAMS 0x0000000782a00000 NTAMS 0x0000000782a00000 space 1024K, 100% used [0x0000000782900000, 0x0000000782a00000)
AC   0  O    TS     0 PTAMS 0x0000000782b00000 NTAMS 0x0000000782b00000 space 1024K, 100% used [0x0000000782a00000, 0x0000000782b00000)
AC   0  O    TS     0 PTAMS 0x0000000782c00000 NTAMS 0x0000000782c00000 space 1024K, 100% used [0x0000000782b00000, 0x0000000782c00000)
AC   0  O    TS     0 PTAMS 0x0000000782d00000 NTAMS 0x0000000782d00000 space 1024K, 100% used [0x0000000782c00000, 0x0000000782d00000)
AC   0  O    TS     0 PTAMS 0x0000000782e00000 NTAMS 0x0000000782e00000 space 1024K, 100% used [0x0000000782d00000, 0x0000000782e00000)
AC   0  O    TS     0 PTAMS 0x0000000782f00000 NTAMS 0x0000000782f00000 space 1024K, 100% used [0x0000000782e00000, 0x0000000782f00000)
AC   0  O    TS     0 PTAMS 0x0000000783000000 NTAMS 0x0000000783000000 space 1024K, 100% used [0x0000000782f00000, 0x0000000783000000)
AC   0  O    TS     0 PTAMS 0x0000000783100000 NTAMS 0x0000000783100000 space 1024K, 100% used [0x0000000783000000, 0x0000000783100000)
AC   0  O    TS     0 PTAMS 0x0000000783200000 NTAMS 0x0000000783200000 space 1024K, 100% used [0x0000000783100000, 0x0000000783200000)
AC   0  O    TS     0 PTAMS 0x0000000783300000 NTAMS 0x0000000783300000 space 1024K, 100% used [0x0000000783200000, 0x0000000783300000)
AC   0  O    TS     0 PTAMS 0x0000000783400000 NTAMS 0x0000000783400000 space 1024K, 100% used [0x0000000783300000, 0x0000000783400000)
AC   0  O    TS     0 PTAMS 0x0000000783500000 NTAMS 0x0000000783500000 space 1024K, 100% used [0x0000000783400000, 0x0000000783500000)
AC   0  O    TS     0 PTAMS 0x0000000783600000 NTAMS 0x0000000783600000 space 1024K, 100% used [0x0000000783500000, 0x0000000783600000)
AC   0  O    TS     0 PTAMS 0x0000000783700000 NTAMS 0x0000000783700000 space 1024K, 100% used [0x0000000783600000, 0x0000000783700000)
AC   0  O    TS     0 PTAMS 0x0000000783800000 NTAMS 0x0000000783800000 space 1024K, 100% used [0x0000000783700000, 0x0000000783800000)
AC   0  O    TS     0 PTAMS 0x0000000783900000 NTAMS 0x0000000783900000 space 1024K, 100% used [0x0000000783800000, 0x0000000783900000)
AC   0  O    TS    69 PTAMS 0x0000000783900000 NTAMS 0x0000000783900000 space 1024K, 100% used [0x0000000783900000, 0x0000000783a00000)
AC   0  O    TS    87 PTAMS 0x0000000783a00000 NTAMS 0x0000000783a00000 space 1024K, 100% used [0x0000000783a00000, 0x0000000783b00000)
AC   0  O    TS     0 PTAMS 0x0000000783c00000 NTAMS 0x0000000783c00000 space 1024K, 100% used [0x0000000783b00000, 0x0000000783c00000)
AC   0  O    TS     0 PTAMS 0x0000000783d00000 NTAMS 0x0000000783d00000 space 1024K, 100% used [0x0000000783c00000, 0x0000000783d00000)
AC   0  O    TS     0 PTAMS 0x0000000783e00000 NTAMS 0x0000000783e00000 space 1024K, 100% used [0x0000000783d00000, 0x0000000783e00000)
AC   0  O    TS     0 PTAMS 0x0000000783f00000 NTAMS 0x0000000783f00000 space 1024K, 100% used [0x0000000783e00000, 0x0000000783f00000)
AC   0  O    TS     0 PTAMS 0x0000000784000000 NTAMS 0x0000000784000000 space 1024K, 100% used [0x0000000783f00000, 0x0000000784000000)
AC   0  O    TS     0 PTAMS 0x0000000784100000 NTAMS 0x0000000784100000 space 1024K, 100% used [0x0000000784000000, 0x0000000784100000)
AC   0  O    TS     0 PTAMS 0x0000000784200000 NTAMS 0x0000000784200000 space 1024K, 100% used [0x0000000784100000, 0x0000000784200000)
AC   0  O    TS     0 PTAMS 0x0000000784300000 NTAMS 0x0000000784300000 space 1024K, 100% used [0x0000000784200000, 0x0000000784300000)
AC   0  O    TS   139 PTAMS 0x0000000784300000 NTAMS 0x0000000784300000 space 1024K, 100% used [0x0000000784300000, 0x0000000784400000)
AC   0  O    TS   167 PTAMS 0x0000000784400000 NTAMS 0x0000000784400000 space 1024K, 100% used [0x0000000784400000, 0x0000000784500000)
AC   0  O    TS   215 PTAMS 0x0000000784500000 NTAMS 0x0000000784500000 space 1024K, 100% used [0x0000000784500000, 0x0000000784600000)
AC   0  O    TS   237 PTAMS 0x0000000784600000 NTAMS 0x0000000784600000 space 1024K, 100% used [0x0000000784600000, 0x0000000784700000)
AC   0  O    TS   253 PTAMS 0x0000000784700000 NTAMS 0x0000000784700000 space 1024K, 100% used [0x0000000784700000, 0x0000000784800000)
AC   0  O    TS   253 PTAMS 0x0000000784800000 NTAMS 0x0000000784800000 space 1024K, 100% used [0x0000000784800000, 0x0000000784900000)
AC   0  O    TS   253 PTAMS 0x0000000784900000 NTAMS 0x0000000784900000 space 1024K, 100% used [0x0000000784900000, 0x0000000784a00000)
AC   0  O    TS     0 PTAMS 0x0000000784b00000 NTAMS 0x0000000784b00000 space 1024K, 100% used [0x0000000784a00000, 0x0000000784b00000)
AC   0  O    TS     0 PTAMS 0x0000000784c00000 NTAMS 0x0000000784c00000 space 1024K, 100% used [0x0000000784b00000, 0x0000000784c00000)
AC   0  O    TS     0 PTAMS 0x0000000784d00000 NTAMS 0x0000000784d00000 space 1024K, 100% used [0x0000000784c00000, 0x0000000784d00000)
AC   0  O    TS     0 PTAMS 0x0000000784e00000 NTAMS 0x0000000784e00000 space 1024K, 100% used [0x0000000784d00000, 0x0000000784e00000)
AC   0  O    TS     0 PTAMS 0x0000000784f00000 NTAMS 0x0000000784f00000 space 1024K, 100% used [0x0000000784e00000, 0x0000000784f00000)
AC   0  O    TS     0 PTAMS 0x0000000785000000 NTAMS 0x0000000785000000 space 1024K, 100% used [0x0000000784f00000, 0x0000000785000000)
AC   0  O    TS     0 PTAMS 0x0000000785100000 NTAMS 0x0000000785100000 space 1024K, 100% used [0x0000000785000000, 0x0000000785100000)
AC   0  O    TS     0 PTAMS 0x0000000785200000 NTAMS 0x0000000785200000 space 1024K, 100% used [0x0000000785100000, 0x0000000785200000)
AC   0  O    TS   255 PTAMS 0x0000000785200000 NTAMS 0x0000000785200000 space 1024K, 100% used [0x0000000785200000, 0x0000000785300000)
AC   0  O    TS   257 PTAMS 0x0000000785300000 NTAMS 0x0000000785300000 space 1024K, 100% used [0x0000000785300000, 0x0000000785400000)
AC   0  O    TS   259 PTAMS 0x0000000785400000 NTAMS 0x0000000785400000 space 1024K, 100% used [0x0000000785400000, 0x0000000785500000)
AC   0  O    TS   267 PTAMS 0x0000000785500000 NTAMS 0x0000000785500000 space 1024K, 100% used [0x0000000785500000, 0x0000000785600000)
AC   0  O    TS   285 PTAMS 0x0000000785600000 NTAMS 0x0000000785600000 space 1024K, 100% used [0x0000000785600000, 0x0000000785700000)
AC   0  O    TS   297 PTAMS 0x0000000785700000 NTAMS 0x0000000785700000 space 1024K, 100% used [0x0000000785700000, 0x0000000785800000)
AC   0  O    TS     0 PTAMS 0x0000000785900000 NTAMS 0x0000000785900000 space 1024K, 100% used [0x0000000785800000, 0x0000000785900000)
AC   0  O    TS     0 PTAMS 0x0000000785a00000 NTAMS 0x0000000785a00000 space 1024K, 100% used [0x0000000785900000, 0x0000000785a00000)
AC   0  O    TS     0 PTAMS 0x0000000785b00000 NTAMS 0x0000000785b00000 space 1024K, 100% used [0x0000000785a00000, 0x0000000785b00000)
AC   0  O    TS   323 PTAMS 0x0000000785b00000 NTAMS 0x0000000785b00000 space 1024K, 100% used [0x0000000785b00000, 0x0000000785c00000)
AC   0  O    TS   357 PTAMS 0x0000000785c00000 NTAMS 0x0000000785c00000 space 1024K, 100% used [0x0000000785c00000, 0x0000000785d00000)
AC   0  O    TS   361 PTAMS 0x0000000785d00000 NTAMS 0x0000000785d00000 space 1024K, 100% used [0x0000000785d00000, 0x0000000785e00000)
AC   0  O    TS   373 PTAMS 0x0000000785e00000 NTAMS 0x0000000785e00000 space 1024K, 100% used [0x0000000785e00000, 0x0000000785f00000)
AC   0  O    TS   401 PTAMS 0x0000000785f00000 NTAMS 0x0000000785f00000 space 1024K, 100% used [0x0000000785f00000, 0x0000000786000000)
AC   0  O    TS   417 PTAMS 0x0000000786000000 NTAMS 0x0000000786000000 space 1024K, 100% used [0x0000000786000000, 0x0000000786100000)
AC   0  O    TS   445 PTAMS 0x0000000786100000 NTAMS 0x0000000786100000 space 1024K, 100% used [0x0000000786100000, 0x0000000786200000)
AC   0  O    TS   461 PTAMS 0x0000000786200000 NTAMS 0x0000000786200000 space 1024K,  66% used [0x0000000786200000, 0x0000000786300000)
AC   0  F    TS    35 PTAMS 0x0000000786300000 NTAMS 0x0000000786300000 space 1024K,   0% used [0x0000000786300000, 0x0000000786400000)
AC   0  F    TS   109 PTAMS 0x0000000786400000 NTAMS 0x0000000786400000 space 1024K,   0% used [0x0000000786400000, 0x0000000786500000)
AC   0  F    TS   127 PTAMS 0x0000000786500000 NTAMS 0x0000000786500000 space 1024K,   0% used [0x0000000786500000, 0x0000000786600000)
AC   0  F    TS   127 PTAMS 0x0000000786600000 NTAMS 0x0000000786600000 space 1024K,   0% used [0x0000000786600000, 0x0000000786700000)
AC   0  F    TS   179 PTAMS 0x0000000786700000 NTAMS 0x0000000786700000 space 1024K,   0% used [0x0000000786700000, 0x0000000786800000)
AC   0  F    TS   215 PTAMS 0x0000000786800000 NTAMS 0x0000000786800000 space 1024K,   0% used [0x0000000786800000, 0x0000000786900000)
AC   0  F    TS   215 PTAMS 0x0000000786900000 NTAMS 0x0000000786900000 space 1024K,   0% used [0x0000000786900000, 0x0000000786a00000)
AC   0  F    TS   215 PTAMS 0x0000000786a00000 NTAMS 0x0000000786a00000 space 1024K,   0% used [0x0000000786a00000, 0x0000000786b00000)
AC   0  F    TS   247 PTAMS 0x0000000786b00000 NTAMS 0x0000000786b00000 space 1024K,   0% used [0x0000000786b00000, 0x0000000786c00000)
AC   0  F    TS   247 PTAMS 0x0000000786c00000 NTAMS 0x0000000786c00000 space 1024K,   0% used [0x0000000786c00000, 0x0000000786d00000)
AC   0  F    TS   247 PTAMS 0x0000000786d00000 NTAMS 0x0000000786d00000 space 1024K,   0% used [0x0000000786d00000, 0x0000000786e00000)
AC   0  F    TS   251 PTAMS 0x0000000786e00000 NTAMS 0x0000000786e00000 space 1024K,   0% used [0x0000000786e00000, 0x0000000786f00000)
AC   0  F    TS   251 PTAMS 0x0000000786f00000 NTAMS 0x0000000786f00000 space 1024K,   0% used [0x0000000786f00000, 0x0000000787000000)
AC   0  F    TS   279 PTAMS 0x0000000787000000 NTAMS 0x0000000787000000 space 1024K,   0% used [0x0000000787000000, 0x0000000787100000)
AC   0  F    TS   279 PTAMS 0x0000000787100000 NTAMS 0x0000000787100000 space 1024K,   0% used [0x0000000787100000, 0x0000000787200000)
AC   0  F    TS   279 PTAMS 0x0000000787200000 NTAMS 0x0000000787200000 space 1024K,   0% used [0x0000000787200000, 0x0000000787300000)
AC   0  F    TS   347 PTAMS 0x0000000787300000 NTAMS 0x0000000787300000 space 1024K,   0% used [0x0000000787300000, 0x0000000787400000)
AC   0  F    TS   347 PTAMS 0x0000000787400000 NTAMS 0x0000000787400000 space 1024K,   0% used [0x0000000787400000, 0x0000000787500000)
AC   0  F    TS   347 PTAMS 0x0000000787500000 NTAMS 0x0000000787500000 space 1024K,   0% used [0x0000000787500000, 0x0000000787600000)
AC   0  F    TS   379 PTAMS 0x0000000787600000 NTAMS 0x0000000787600000 space 1024K,   0% used [0x0000000787600000, 0x0000000787700000)
AC   0  F    TS   379 PTAMS 0x0000000787700000 NTAMS 0x0000000787700000 space 1024K,   0% used [0x0000000787700000, 0x0000000787800000)
AC   0  F    TS   435 PTAMS 0x0000000787800000 NTAMS 0x0000000787800000 space 1024K,   0% used [0x0000000787800000, 0x0000000787900000)
AC   0  F    TS   435 PTAMS 0x0000000787900000 NTAMS 0x0000000787900000 space 1024K,   0% used [0x0000000787900000, 0x0000000787a00000)
AC   0  F    TS   443 PTAMS 0x0000000787a00000 NTAMS 0x0000000787a00000 space 1024K,   0% used [0x0000000787a00000, 0x0000000787b00000)
AC   0  F    TS   457 PTAMS 0x0000000787b00000 NTAMS 0x0000000787b00000 space 1024K,   0% used [0x0000000787b00000, 0x0000000787c00000)
AC   0  F    TS   457 PTAMS 0x0000000787c00000 NTAMS 0x0000000787c00000 space 1024K,   0% used [0x0000000787c00000, 0x0000000787d00000)
AC   0  S CS TS   461 PTAMS 0x0000000787d00000 NTAMS 0x0000000787d00000 space 1024K,  35% used [0x0000000787d00000, 0x0000000787e00000)
AC   0  S CS TS   461 PTAMS 0x0000000787e00000 NTAMS 0x0000000787e00000 space 1024K, 100% used [0x0000000787e00000, 0x0000000787f00000)
AC   0  S CS TS   461 PTAMS 0x0000000787f00000 NTAMS 0x0000000787f00000 space 1024K, 100% used [0x0000000787f00000, 0x0000000788000000)
AC   0  S CS TS   461 PTAMS 0x0000000788000000 NTAMS 0x0000000788000000 space 1024K, 100% used [0x0000000788000000, 0x0000000788100000)
AC   0  S CS TS   461 PTAMS 0x0000000788100000 NTAMS 0x0000000788100000 space 1024K, 100% used [0x0000000788100000, 0x0000000788200000)
AC   0  F    TS   453 PTAMS 0x0000000788200000 NTAMS 0x0000000788200000 space 1024K,   0% used [0x0000000788200000, 0x0000000788300000)
AC   0  F    TS   455 PTAMS 0x0000000788300000 NTAMS 0x0000000788300000 space 1024K,   0% used [0x0000000788300000, 0x0000000788400000)
AC   0  F    TS   459 PTAMS 0x0000000788400000 NTAMS 0x0000000788400000 space 1024K,   0% used [0x0000000788400000, 0x0000000788500000)
AC   0  F    TS   459 PTAMS 0x0000000788500000 NTAMS 0x0000000788500000 space 1024K,   0% used [0x0000000788500000, 0x0000000788600000)
AC   0  F    TS   459 PTAMS 0x0000000788600000 NTAMS 0x0000000788600000 space 1024K,   0% used [0x0000000788600000, 0x0000000788700000)
AC   0  F    TS   459 PTAMS 0x0000000788700000 NTAMS 0x0000000788700000 space 1024K,   0% used [0x0000000788700000, 0x0000000788800000)
AC   0  F    TS   459 PTAMS 0x0000000788800000 NTAMS 0x0000000788800000 space 1024K,   0% used [0x0000000788800000, 0x0000000788900000)
AC   0  F    TS   445 PTAMS 0x0000000788900000 NTAMS 0x0000000788900000 space 1024K,   0% used [0x0000000788900000, 0x0000000788a00000)
AC   0  F    TS   445 PTAMS 0x0000000788a00000 NTAMS 0x0000000788a00000 space 1024K,   0% used [0x0000000788a00000, 0x0000000788b00000)
AC   0  F    TS   445 PTAMS 0x0000000788b00000 NTAMS 0x0000000788b00000 space 1024K,   0% used [0x0000000788b00000, 0x0000000788c00000)
AC   0  F    TS   437 PTAMS 0x0000000788c00000 NTAMS 0x0000000788c00000 space 1024K,   0% used [0x0000000788c00000, 0x0000000788d00000)
AC   0  F    TS   437 PTAMS 0x0000000788d00000 NTAMS 0x0000000788d00000 space 1024K,   0% used [0x0000000788d00000, 0x0000000788e00000)
AC   0  F    TS     0 PTAMS 0x0000000788e00000 NTAMS 0x0000000788e00000 space 1024K,   0% used [0x0000000788e00000, 0x0000000788f00000)
AC   0  F    TS     0 PTAMS 0x0000000788f00000 NTAMS 0x0000000788f00000 space 1024K,   0% used [0x0000000788f00000, 0x0000000789000000)
AC   0  F    TS     0 PTAMS 0x0000000789000000 NTAMS 0x0000000789000000 space 1024K,   0% used [0x0000000789000000, 0x0000000789100000)
AC   0  F    TS     0 PTAMS 0x0000000789100000 NTAMS 0x0000000789100000 space 1024K,   0% used [0x0000000789100000, 0x0000000789200000)
AC   0  F    TS     0 PTAMS 0x0000000789200000 NTAMS 0x0000000789200000 space 1024K,   0% used [0x0000000789200000, 0x0000000789300000)
AC   0  F    TS     0 PTAMS 0x0000000789300000 NTAMS 0x0000000789300000 space 1024K,   0% used [0x0000000789300000, 0x0000000789400000)
AC   0  F    TS     0 PTAMS 0x0000000789400000 NTAMS 0x0000000789400000 space 1024K,   0% used [0x0000000789400000, 0x0000000789500000)
AC   0  F    TS     0 PTAMS 0x0000000789500000 NTAMS 0x0000000789500000 space 1024K,   0% used [0x0000000789500000, 0x0000000789600000)
AC   0  F    TS     0 PTAMS 0x0000000789600000 NTAMS 0x0000000789600000 space 1024K,   0% used [0x0000000789600000, 0x0000000789700000)
AC   0  F    TS     0 PTAMS 0x0000000789700000 NTAMS 0x0000000789700000 space 1024K,   0% used [0x0000000789700000, 0x0000000789800000)
AC   0  F    TS     0 PTAMS 0x0000000789800000 NTAMS 0x0000000789800000 space 1024K,   0% used [0x0000000789800000, 0x0000000789900000)
AC   0  F    TS     0 PTAMS 0x0000000789900000 NTAMS 0x0000000789900000 space 1024K,   0% used [0x0000000789900000, 0x0000000789a00000)
AC   0  F    TS     0 PTAMS 0x0000000789a00000 NTAMS 0x0000000789a00000 space 1024K,   0% used [0x0000000789a00000, 0x0000000789b00000)
AC   0  F    TS     0 PTAMS 0x0000000789b00000 NTAMS 0x0000000789b00000 space 1024K,   0% used [0x0000000789b00000, 0x0000000789c00000)
AC   0  F    TS     0 PTAMS 0x0000000789c00000 NTAMS 0x0000000789c00000 space 1024K,   0% used [0x0000000789c00000, 0x0000000789d00000)
AC   0  F    TS     0 PTAMS 0x0000000789d00000 NTAMS 0x0000000789d00000 space 1024K,   0% used [0x0000000789d00000, 0x0000000789e00000)
AC   0  F    TS     0 PTAMS 0x0000000789e00000 NTAMS 0x0000000789e00000 space 1024K,   0% used [0x0000000789e00000, 0x0000000789f00000)
AC   0  F    TS     0 PTAMS 0x0000000789f00000 NTAMS 0x0000000789f00000 space 1024K,   0% used [0x0000000789f00000, 0x000000078a000000)
AC   0  F    TS     0 PTAMS 0x000000078a000000 NTAMS 0x000000078a000000 space 1024K,   0% used [0x000000078a000000, 0x000000078a100000)
AC   0  F    TS     0 PTAMS 0x000000078a100000 NTAMS 0x000000078a100000 space 1024K,   0% used [0x000000078a100000, 0x000000078a200000)
AC   0  F    TS     0 PTAMS 0x000000078a200000 NTAMS 0x000000078a200000 space 1024K,   0% used [0x000000078a200000, 0x000000078a300000)
AC   0  F    TS     0 PTAMS 0x000000078a300000 NTAMS 0x000000078a300000 space 1024K,   0% used [0x000000078a300000, 0x000000078a400000)
AC   0  F    TS     0 PTAMS 0x000000078a400000 NTAMS 0x000000078a400000 space 1024K,   0% used [0x000000078a400000, 0x000000078a500000)
AC   0  F    TS     0 PTAMS 0x000000078a500000 NTAMS 0x000000078a500000 space 1024K,   0% used [0x000000078a500000, 0x000000078a600000)
AC   0  F    TS     0 PTAMS 0x000000078a600000 NTAMS 0x000000078a600000 space 1024K,   0% used [0x000000078a600000, 0x000000078a700000)
AC   0  F    TS     0 PTAMS 0x000000078a700000 NTAMS 0x000000078a700000 space 1024K,   0% used [0x000000078a700000, 0x000000078a800000)
AC   0  F    TS     0 PTAMS 0x000000078a800000 NTAMS 0x000000078a800000 space 1024K,   0% used [0x000000078a800000, 0x000000078a900000)
AC   0  F    TS     0 PTAMS 0x000000078a900000 NTAMS 0x000000078a900000 space 1024K,   0% used [0x000000078a900000, 0x000000078aa00000)
AC   0  F    TS     0 PTAMS 0x000000078aa00000 NTAMS 0x000000078aa00000 space 1024K,   0% used [0x000000078aa00000, 0x000000078ab00000)
AC   0  F    TS     0 PTAMS 0x000000078ab00000 NTAMS 0x000000078ab00000 space 1024K,   0% used [0x000000078ab00000, 0x000000078ac00000)
AC   0  F    TS     0 PTAMS 0x000000078ac00000 NTAMS 0x000000078ac00000 space 1024K,   0% used [0x000000078ac00000, 0x000000078ad00000)
AC   0  F    TS     0 PTAMS 0x000000078ad00000 NTAMS 0x000000078ad00000 space 1024K,   0% used [0x000000078ad00000, 0x000000078ae00000)
AC   0  F    TS     0 PTAMS 0x000000078ae00000 NTAMS 0x000000078ae00000 space 1024K,   0% used [0x000000078ae00000, 0x000000078af00000)
AC   0  E    TS     0 PTAMS 0x000000078af00000 NTAMS 0x000000078af00000 space 1024K,  96% used [0x000000078af00000, 0x000000078b000000)
AC   0  E CS TS     0 PTAMS 0x000000078b000000 NTAMS 0x000000078b000000 space 1024K, 100% used [0x000000078b000000, 0x000000078b100000)
AC   0  E CS TS     0 PTAMS 0x000000078b100000 NTAMS 0x000000078b100000 space 1024K, 100% used [0x000000078b100000, 0x000000078b200000)
AC   0  E CS TS     0 PTAMS 0x000000078b200000 NTAMS 0x000000078b200000 space 1024K, 100% used [0x000000078b200000, 0x000000078b300000)
AC   0  E CS TS     0 PTAMS 0x000000078b300000 NTAMS 0x000000078b300000 space 1024K, 100% used [0x000000078b300000, 0x000000078b400000)
AC   0  E CS TS     0 PTAMS 0x000000078b400000 NTAMS 0x000000078b400000 space 1024K, 100% used [0x000000078b400000, 0x000000078b500000)
AC   0  E CS TS     0 PTAMS 0x000000078b500000 NTAMS 0x000000078b500000 space 1024K, 100% used [0x000000078b500000, 0x000000078b600000)
AC   0  E CS TS     0 PTAMS 0x000000078b600000 NTAMS 0x000000078b600000 space 1024K, 100% used [0x000000078b600000, 0x000000078b700000)
AC   0  E CS TS     0 PTAMS 0x000000078b700000 NTAMS 0x000000078b700000 space 1024K, 100% used [0x000000078b700000, 0x000000078b800000)
AC   0  E CS TS     0 PTAMS 0x000000078b800000 NTAMS 0x000000078b800000 space 1024K, 100% used [0x000000078b800000, 0x000000078b900000)
AC   0  E CS TS     0 PTAMS 0x000000078b900000 NTAMS 0x000000078b900000 space 1024K, 100% used [0x000000078b900000, 0x000000078ba00000)
AC   0  E CS TS     0 PTAMS 0x000000078ba00000 NTAMS 0x000000078ba00000 space 1024K, 100% used [0x000000078ba00000, 0x000000078bb00000)
AC   0  E CS TS     0 PTAMS 0x000000078bb00000 NTAMS 0x000000078bb00000 space 1024K, 100% used [0x000000078bb00000, 0x000000078bc00000)
AC   0  E CS TS     0 PTAMS 0x000000078bc00000 NTAMS 0x000000078bc00000 space 1024K, 100% used [0x000000078bc00000, 0x000000078bd00000)
AC   0  E CS TS     0 PTAMS 0x000000078bd00000 NTAMS 0x000000078bd00000 space 1024K, 100% used [0x000000078bd00000, 0x000000078be00000)
AC   0  E CS TS     0 PTAMS 0x000000078be00000 NTAMS 0x000000078be00000 space 1024K, 100% used [0x000000078be00000, 0x000000078bf00000)
AC   0  E CS TS     0 PTAMS 0x000000078bf00000 NTAMS 0x000000078bf00000 space 1024K, 100% used [0x000000078bf00000, 0x000000078c000000)
AC   0  E CS TS     0 PTAMS 0x000000078c000000 NTAMS 0x000000078c000000 space 1024K, 100% used [0x000000078c000000, 0x000000078c100000)
AC   0  E CS TS     0 PTAMS 0x000000078c100000 NTAMS 0x000000078c100000 space 1024K, 100% used [0x000000078c100000, 0x000000078c200000)
AC   0  E CS TS     0 PTAMS 0x000000078c200000 NTAMS 0x000000078c200000 space 1024K, 100% used [0x000000078c200000, 0x000000078c300000)
AC   0  E CS TS     0 PTAMS 0x000000078c300000 NTAMS 0x000000078c300000 space 1024K, 100% used [0x000000078c300000, 0x000000078c400000)
AC   0  E CS TS     0 PTAMS 0x000000078c400000 NTAMS 0x000000078c400000 space 1024K, 100% used [0x000000078c400000, 0x000000078c500000)
AC   0  E CS TS     0 PTAMS 0x000000078c500000 NTAMS 0x000000078c500000 space 1024K, 100% used [0x000000078c500000, 0x000000078c600000)
AC   0  E CS TS     0 PTAMS 0x000000078c600000 NTAMS 0x000000078c600000 space 1024K, 100% used [0x000000078c600000, 0x000000078c700000)
AC   0  E CS TS     0 PTAMS 0x000000078c700000 NTAMS 0x000000078c700000 space 1024K, 100% used [0x000000078c700000, 0x000000078c800000)
AC   0  E CS TS     0 PTAMS 0x000000078c800000 NTAMS 0x000000078c800000 space 1024K, 100% used [0x000000078c800000, 0x000000078c900000)
AC   0  E CS TS     0 PTAMS 0x000000078c900000 NTAMS 0x000000078c900000 space 1024K, 100% used [0x000000078c900000, 0x000000078ca00000)
AC   0  E CS TS     0 PTAMS 0x000000078ca00000 NTAMS 0x000000078ca00000 space 1024K, 100% used [0x000000078ca00000, 0x000000078cb00000)
AC   0  E CS TS     0 PTAMS 0x000000078cb00000 NTAMS 0x000000078cb00000 space 1024K, 100% used [0x000000078cb00000, 0x000000078cc00000)
AC   0  E CS TS     0 PTAMS 0x000000078cc00000 NTAMS 0x000000078cc00000 space 1024K, 100% used [0x000000078cc00000, 0x000000078cd00000)
AC   0  E CS TS     0 PTAMS 0x000000078cd00000 NTAMS 0x000000078cd00000 space 1024K, 100% used [0x000000078cd00000, 0x000000078ce00000)
AC   0  E CS TS     0 PTAMS 0x000000078ce00000 NTAMS 0x000000078ce00000 space 1024K, 100% used [0x000000078ce00000, 0x000000078cf00000)
AC   0  E CS TS     0 PTAMS 0x000000078cf00000 NTAMS 0x000000078cf00000 space 1024K, 100% used [0x000000078cf00000, 0x000000078d000000)
AC   0  E CS TS     0 PTAMS 0x000000078d000000 NTAMS 0x000000078d000000 space 1024K, 100% used [0x000000078d000000, 0x000000078d100000)
AC   0  E CS TS     0 PTAMS 0x000000078d100000 NTAMS 0x000000078d100000 space 1024K, 100% used [0x000000078d100000, 0x000000078d200000)
AC   0  E CS TS     0 PTAMS 0x000000078d200000 NTAMS 0x000000078d200000 space 1024K, 100% used [0x000000078d200000, 0x000000078d300000)
AC   0  E CS TS     0 PTAMS 0x000000078d300000 NTAMS 0x000000078d300000 space 1024K, 100% used [0x000000078d300000, 0x000000078d400000)
AC   0  E CS TS     0 PTAMS 0x000000078d400000 NTAMS 0x000000078d400000 space 1024K, 100% used [0x000000078d400000, 0x000000078d500000)
AC   0  E CS TS     0 PTAMS 0x000000078d500000 NTAMS 0x000000078d500000 space 1024K, 100% used [0x000000078d500000, 0x000000078d600000)
AC   0  E CS TS     0 PTAMS 0x000000078d600000 NTAMS 0x000000078d600000 space 1024K, 100% used [0x000000078d600000, 0x000000078d700000)
AC   0  E CS TS     0 PTAMS 0x000000078d700000 NTAMS 0x000000078d700000 space 1024K, 100% used [0x000000078d700000, 0x000000078d800000)
AC   0  E CS TS     0 PTAMS 0x000000078d800000 NTAMS 0x000000078d800000 space 1024K, 100% used [0x000000078d800000, 0x000000078d900000)
AC   0  E CS TS     0 PTAMS 0x000000078d900000 NTAMS 0x000000078d900000 space 1024K, 100% used [0x000000078d900000, 0x000000078da00000)
AC   0  E CS TS     0 PTAMS 0x000000078da00000 NTAMS 0x000000078da00000 space 1024K, 100% used [0x000000078da00000, 0x000000078db00000)
AC   0  E CS TS     0 PTAMS 0x000000078db00000 NTAMS 0x000000078db00000 space 1024K, 100% used [0x000000078db00000, 0x000000078dc00000)
AC   0  E CS TS     0 PTAMS 0x000000078dc00000 NTAMS 0x000000078dc00000 space 1024K, 100% used [0x000000078dc00000, 0x000000078dd00000)
AC   0  E CS TS     0 PTAMS 0x000000078dd00000 NTAMS 0x000000078dd00000 space 1024K, 100% used [0x000000078dd00000, 0x000000078de00000)
AC   0  E CS TS     0 PTAMS 0x000000078de00000 NTAMS 0x000000078de00000 space 1024K, 100% used [0x000000078de00000, 0x000000078df00000)
AC   0  E CS TS     0 PTAMS 0x000000078df00000 NTAMS 0x000000078df00000 space 1024K, 100% used [0x000000078df00000, 0x000000078e000000)
AC   0  E CS TS     0 PTAMS 0x000000078e000000 NTAMS 0x000000078e000000 space 1024K, 100% used [0x000000078e000000, 0x000000078e100000)
AC   0  E CS TS     0 PTAMS 0x000000078e100000 NTAMS 0x000000078e100000 space 1024K, 100% used [0x000000078e100000, 0x000000078e200000)
AC   0  E CS TS     0 PTAMS 0x000000078e200000 NTAMS 0x000000078e200000 space 1024K, 100% used [0x000000078e200000, 0x000000078e300000)
AC   0  E CS TS     0 PTAMS 0x000000078e300000 NTAMS 0x000000078e300000 space 1024K, 100% used [0x000000078e300000, 0x000000078e400000)
AC   0  E CS TS     0 PTAMS 0x000000078e400000 NTAMS 0x000000078e400000 space 1024K, 100% used [0x000000078e400000, 0x000000078e500000)
AC   0  E CS TS     0 PTAMS 0x000000078e500000 NTAMS 0x000000078e500000 space 1024K, 100% used [0x000000078e500000, 0x000000078e600000)
AC   0  E CS TS     0 PTAMS 0x000000078e600000 NTAMS 0x000000078e600000 space 1024K, 100% used [0x000000078e600000, 0x000000078e700000)
AC   0  E CS TS     0 PTAMS 0x000000078e700000 NTAMS 0x000000078e700000 space 1024K, 100% used [0x000000078e700000, 0x000000078e800000)
AC   0  E CS TS     0 PTAMS 0x000000078e800000 NTAMS 0x000000078e800000 space 1024K, 100% used [0x000000078e800000, 0x000000078e900000)
AC   0  E CS TS     0 PTAMS 0x000000078e900000 NTAMS 0x000000078e900000 space 1024K, 100% used [0x000000078e900000, 0x000000078ea00000)
AC   0  E CS TS     0 PTAMS 0x000000078ea00000 NTAMS 0x000000078ea00000 space 1024K, 100% used [0x000000078ea00000, 0x000000078eb00000)
AC   0  E CS TS     0 PTAMS 0x000000078eb00000 NTAMS 0x000000078eb00000 space 1024K, 100% used [0x000000078eb00000, 0x000000078ec00000)
AC   0  E CS TS     0 PTAMS 0x000000078ec00000 NTAMS 0x000000078ec00000 space 1024K, 100% used [0x000000078ec00000, 0x000000078ed00000)
AC   0  E CS TS     0 PTAMS 0x000000078ed00000 NTAMS 0x000000078ed00000 space 1024K, 100% used [0x000000078ed00000, 0x000000078ee00000)
AC   0  E CS TS     0 PTAMS 0x000000078ee00000 NTAMS 0x000000078ee00000 space 1024K, 100% used [0x000000078ee00000, 0x000000078ef00000)
AC   0  E CS TS     0 PTAMS 0x000000078ef00000 NTAMS 0x000000078ef00000 space 1024K, 100% used [0x000000078ef00000, 0x000000078f000000)
AC   0  E CS TS     0 PTAMS 0x000000078f000000 NTAMS 0x000000078f000000 space 1024K, 100% used [0x000000078f000000, 0x000000078f100000)
AC   0  E CS TS     0 PTAMS 0x000000078f100000 NTAMS 0x000000078f100000 space 1024K, 100% used [0x000000078f100000, 0x000000078f200000)
AC   0  E CS TS     0 PTAMS 0x000000078f200000 NTAMS 0x000000078f200000 space 1024K, 100% used [0x000000078f200000, 0x000000078f300000)
AC   0  E CS TS     0 PTAMS 0x000000078f300000 NTAMS 0x000000078f300000 space 1024K, 100% used [0x000000078f300000, 0x000000078f400000)
AC   0  E CS TS     0 PTAMS 0x000000078f400000 NTAMS 0x000000078f400000 space 1024K, 100% used [0x000000078f400000, 0x000000078f500000)
AC   0  E CS TS     0 PTAMS 0x000000078f500000 NTAMS 0x000000078f500000 space 1024K, 100% used [0x000000078f500000, 0x000000078f600000)
AC   0  E CS TS     0 PTAMS 0x000000078f600000 NTAMS 0x000000078f600000 space 1024K, 100% used [0x000000078f600000, 0x000000078f700000)
AC   0  E CS TS     0 PTAMS 0x000000078f700000 NTAMS 0x000000078f700000 space 1024K, 100% used [0x000000078f700000, 0x000000078f800000)
AC   0  E CS TS     0 PTAMS 0x000000078f800000 NTAMS 0x000000078f800000 space 1024K, 100% used [0x000000078f800000, 0x000000078f900000)
AC   0  E CS TS     0 PTAMS 0x000000078f900000 NTAMS 0x000000078f900000 space 1024K, 100% used [0x000000078f900000, 0x000000078fa00000)
AC   0  E CS TS     0 PTAMS 0x000000078fa00000 NTAMS 0x000000078fa00000 space 1024K, 100% used [0x000000078fa00000, 0x000000078fb00000)
AC   0  E CS TS     0 PTAMS 0x000000078fb00000 NTAMS 0x000000078fb00000 space 1024K, 100% used [0x000000078fb00000, 0x000000078fc00000)
AC   0  E CS TS     3 PTAMS 0x000000078fc00000 NTAMS 0x000000078fc00000 space 1024K, 100% used [0x000000078fc00000, 0x000000078fd00000)
AC   0  E CS TS     3 PTAMS 0x000000078fd00000 NTAMS 0x000000078fd00000 space 1024K, 100% used [0x000000078fd00000, 0x000000078fe00000)
AC   0  E CS TS     0 PTAMS 0x000000078fe00000 NTAMS 0x000000078fe00000 space 1024K, 100% used [0x000000078fe00000, 0x000000078ff00000)
AC   0  E CS TS     0 PTAMS 0x000000078ff00000 NTAMS 0x000000078ff00000 space 1024K, 100% used [0x000000078ff00000, 0x0000000790000000)

Card table byte_map: [0x000000010838d000,0x000000010858d000] byte_map_base: 0x000000010478d000

Marking Bits (Prev, Next): (CMBitMap*) 0x000000010481f688, (CMBitMap*) 0x000000010481f6e0
 Prev Bits: [0x000000010878d000, 0x000000010978d000)
 Next Bits: [0x000000010978d000, 0x000000010a78d000)

Polling page: 0x000000010039d000

CodeCache: size=245760Kb used=97336Kb max_used=97348Kb free=148423Kb
 bounds [0x000000010dc96000, 0x0000000113c96000, 0x000000011cc96000]
 total_blobs=22993 nmethods=22227 adapters=671
 compilation: enabled

Compilation events (10 events):
Event: 11458.387 Thread 0x0000000101021000 nmethod 31313 0x0000000111cc3c50 code [0x0000000111cc3e80, 0x0000000111cc4a68]
Event: 11458.387 Thread 0x0000000101021000 31314       3       org.eclipse.ltk.internal.core.refactoring.history.RefactoringHistoryService::access$1 (6 bytes)
Event: 11458.387 Thread 0x0000000101021000 nmethod 31314 0x0000000111cc3890 code [0x0000000111cc3a00, 0x0000000111cc3b68]
Event: 11458.389 Thread 0x0000000101021000 31316       3       org.eclipse.cdt.internal.core.envvar.EnvironmentVariableManager::checkParentContextRelation (42 bytes)
Event: 11458.390 Thread 0x0000000101021000 nmethod 31316 0x000000010f168ad0 code [0x000000010f168ca0, 0x000000010f1694a8]
Event: 11458.427 Thread 0x000000010101b800 31317       4       org.eclipse.cdt.internal.core.pdom.indexer.IndexerASTVisitor::visit (48 bytes)
Event: 11458.428 Thread 0x0000000101020800 31318       4       org.eclipse.cdt.internal.core.pdom.indexer.IndexerASTVisitor::leave (7 bytes)
Event: 11458.431 Thread 0x000000010101b800 nmethod 31317 0x000000011379a550 code [0x000000011379a6c0, 0x000000011379a8a8]
Event: 11458.432 Thread 0x0000000101020800 nmethod 31318 0x0000000113799ed0 code [0x000000011379a020, 0x000000011379a3c8]
Event: 11458.520 Thread 0x000000010101f800 31319       4       org.eclipse.jface.viewers.AbstractTreeViewer::getTreePathFromItem (47 bytes)

GC Heap History (10 events):
Event: 11405.696 GC heap before
{Heap before GC invocations=242 (full 0):
 garbage-first heap   total 262144K, used 230751K [0x0000000780000000, 0x0000000780100800, 0x00000007c0000000)
  region size 1024K, 127 young (130048K), 4 survivors (4096K)
 Metaspace       used 108567K, capacity 118452K, committed 118864K, reserved 1153024K
  class space    used 12736K, capacity 15678K, committed 15744K, reserved 1048576K
Event: 11405.706 GC heap after
Heap after GC invocations=243 (full 0):
 garbage-first heap   total 262144K, used 105245K [0x0000000780000000, 0x0000000780100800, 0x00000007c0000000)
  region size 1024K, 5 young (5120K), 5 survivors (5120K)
 Metaspace       used 108567K, capacity 118452K, committed 118864K, reserved 1153024K
  class space    used 12736K, capacity 15678K, committed 15744K, reserved 1048576K
}
Event: 11411.726 GC heap before
{Heap before GC invocations=243 (full 0):
 garbage-first heap   total 262144K, used 229149K [0x0000000780000000, 0x0000000780100800, 0x00000007c0000000)
  region size 1024K, 126 young (129024K), 5 survivors (5120K)
 Metaspace       used 108568K, capacity 118452K, committed 118864K, reserved 1153024K
  class space    used 12736K, capacity 15678K, committed 15744K, reserved 1048576K
Event: 11411.736 GC heap after
Heap after GC invocations=244 (full 0):
 garbage-first heap   total 262144K, used 104599K [0x0000000780000000, 0x0000000780100800, 0x00000007c0000000)
  region size 1024K, 4 young (4096K), 4 survivors (4096K)
 Metaspace       used 108568K, capacity 118452K, committed 118864K, reserved 1153024K
  class space    used 12736K, capacity 15678K, committed 15744K, reserved 1048576K
}
Event: 11429.261 GC heap before
{Heap before GC invocations=244 (full 0):
 garbage-first heap   total 262144K, used 230551K [0x0000000780000000, 0x0000000780100800, 0x00000007c0000000)
  region size 1024K, 127 young (130048K), 4 survivors (4096K)
 Metaspace       used 108586K, capacity 118452K, committed 118864K, reserved 1153024K
  class space    used 12736K, capacity 15678K, committed 15744K, reserved 1048576K
Event: 11429.276 GC heap after
Heap after GC invocations=245 (full 0):
 garbage-first heap   total 262144K, used 106823K [0x0000000780000000, 0x0000000780100800, 0x00000007c0000000)
  region size 1024K, 6 young (6144K), 6 survivors (6144K)
 Metaspace       used 108586K, capacity 118452K, committed 118864K, reserved 1153024K
  class space    used 12736K, capacity 15678K, committed 15744K, reserved 1048576K
}
Event: 11437.326 GC heap before
{Heap before GC invocations=245 (full 0):
 garbage-first heap   total 262144K, used 228679K [0x0000000780000000, 0x0000000780100800, 0x00000007c0000000)
  region size 1024K, 125 young (128000K), 6 survivors (6144K)
 Metaspace       used 108592K, capacity 118452K, committed 118864K, reserved 1153024K
  class space    used 12736K, capacity 15678K, committed 15744K, reserved 1048576K
Event: 11437.338 GC heap after
Heap after GC invocations=246 (full 0):
 garbage-first heap   total 262144K, used 105484K [0x0000000780000000, 0x0000000780100800, 0x00000007c0000000)
  region size 1024K, 5 young (5120K), 5 survivors (5120K)
 Metaspace       used 108592K, capacity 118452K, committed 118864K, reserved 1153024K
  class space    used 12736K, capacity 15678K, committed 15744K, reserved 1048576K
}
Event: 11452.919 GC heap before
{Heap before GC invocations=246 (full 0):
 garbage-first heap   total 262144K, used 229388K [0x0000000780000000, 0x0000000780100800, 0x00000007c0000000)
  region size 1024K, 126 young (129024K), 5 survivors (5120K)
 Metaspace       used 108599K, capacity 118452K, committed 118864K, reserved 1153024K
  class space    used 12736K, capacity 15678K, committed 15744K, reserved 1048576K
Event: 11452.929 GC heap after
Heap after GC invocations=247 (full 0):
 garbage-first heap   total 262144K, used 105500K [0x0000000780000000, 0x0000000780100800, 0x00000007c0000000)
  region size 1024K, 5 young (5120K), 5 survivors (5120K)
 Metaspace       used 108599K, capacity 118452K, committed 118864K, reserved 1153024K
  class space    used 12736K, capacity 15678K, committed 15744K, reserved 1048576K
}

Deoptimization events (10 events):
Event: 11405.568 Thread 0x0000000101dac800 Uncommon trap: reason=bimorphic action=maybe_recompile pc=0x0000000111cc430c method=org.eclipse.cdt.internal.core.dom.parser.cpp.CPPASTReturnStatement.accept(Lorg/eclipse/cdt/core/dom/ast/ASTVisitor;)Z @ 62
Event: 11405.568 Thread 0x0000000101dac800 Uncommon trap: reason=bimorphic action=maybe_recompile pc=0x0000000111cc430c method=org.eclipse.cdt.internal.core.dom.parser.cpp.CPPASTReturnStatement.accept(Lorg/eclipse/cdt/core/dom/ast/ASTVisitor;)Z @ 62
Event: 11405.593 Thread 0x0000000101dac800 Uncommon trap: reason=bimorphic action=maybe_recompile pc=0x0000000111cc430c method=org.eclipse.cdt.internal.core.dom.parser.cpp.CPPASTReturnStatement.accept(Lorg/eclipse/cdt/core/dom/ast/ASTVisitor;)Z @ 62
Event: 11406.327 Thread 0x000000012aaea000 Uncommon trap: reason=bimorphic action=maybe_recompile pc=0x0000000111cc430c method=org.eclipse.cdt.internal.core.dom.parser.cpp.CPPASTReturnStatement.accept(Lorg/eclipse/cdt/core/dom/ast/ASTVisitor;)Z @ 62
Event: 11449.778 Thread 0x0000000100829800 Uncommon trap: reason=unstable_if action=reinterpret pc=0x000000010fcbfdc4 method=org.eclipse.cdt.internal.ui.text.FastCPartitionScanner.nextToken()Lorg/eclipse/jface/text/rules/IToken; @ 1274
Event: 11449.778 Thread 0x0000000100829800 Uncommon trap: reason=unstable_if action=reinterpret pc=0x000000010fd80898 method=org.eclipse.cdt.internal.ui.text.FastCPartitionScanner.nextToken()Lorg/eclipse/jface/text/rules/IToken; @ 55
Event: 11452.835 Thread 0x000000012aaea000 Uncommon trap: reason=class_check action=maybe_recompile pc=0x00000001104a069c method=org.eclipse.cdt.core.dom.ast.ASTTypeUtil.appendType(Lorg/eclipse/cdt/core/dom/ast/IType;ZLjava/lang/StringBuilder;)V @ 656
Event: 11452.835 Thread 0x000000012aaea000 Uncommon trap: reason=class_check action=maybe_recompile pc=0x00000001104a069c method=org.eclipse.cdt.core.dom.ast.ASTTypeUtil.appendType(Lorg/eclipse/cdt/core/dom/ast/IType;ZLjava/lang/StringBuilder;)V @ 656
Event: 11452.835 Thread 0x000000012aaea000 Uncommon trap: reason=class_check action=maybe_recompile pc=0x00000001104a069c method=org.eclipse.cdt.core.dom.ast.ASTTypeUtil.appendType(Lorg/eclipse/cdt/core/dom/ast/IType;ZLjava/lang/StringBuilder;)V @ 656
Event: 11452.835 Thread 0x000000012aaea000 Uncommon trap: reason=class_check action=maybe_recompile pc=0x00000001104a069c method=org.eclipse.cdt.core.dom.ast.ASTTypeUtil.appendType(Lorg/eclipse/cdt/core/dom/ast/IType;ZLjava/lang/StringBuilder;)V @ 656

Internal exceptions (10 events):
Event: 11437.048 Thread 0x000000012ac23000 Exception <a 'java/lang/UnsatisfiedLinkError': org.eclipse.cdt.utils.spawner.SpawnerInputStream.available0(I)I> (0x00000007899fd168) thrown at [/HUDSON3/workspace/8-2-build-macosx-x86_64/jdk8u73/6086/hotspot/src/share/vm/prims/nativeLookup.cpp, line 378]
Event: 11437.338 Thread 0x0000000105b19000 Exception <a 'java/lang/InterruptedException'> (0x000000078ff00000) thrown at [/HUDSON3/workspace/8-2-build-macosx-x86_64/jdk8u73/6086/hotspot/src/share/vm/runtime/objectMonitor.cpp, line 1683]
Event: 11457.693 Thread 0x0000000101df9800 Exception <a 'java/lang/UnsatisfiedLinkError': org.eclipse.cdt.utils.spawner.SpawnerInputStream.available0(I)I> (0x000000078bea5638) thrown at [/HUDSON3/workspace/8-2-build-macosx-x86_64/jdk8u73/6086/hotspot/src/share/vm/prims/nativeLookup.cpp, line 378]
Event: 11458.207 Thread 0x0000000101df9800 Exception <a 'java/lang/UnsatisfiedLinkError': org.eclipse.cdt.utils.spawner.SpawnerInputStream.available0(I)I> (0x000000078beac960) thrown at [/HUDSON3/workspace/8-2-build-macosx-x86_64/jdk8u73/6086/hotspot/src/share/vm/prims/nativeLookup.cpp, line 378]
Event: 11458.208 Thread 0x0000000101df9800 Exception <a 'java/lang/UnsatisfiedLinkError': org.eclipse.cdt.utils.spawner.SpawnerInputStream.available0(I)I> (0x000000078beaf010) thrown at [/HUDSON3/workspace/8-2-build-macosx-x86_64/jdk8u73/6086/hotspot/src/share/vm/prims/nativeLookup.cpp, line 378]
Event: 11458.210 Thread 0x0000000101df9800 Exception <a 'java/lang/UnsatisfiedLinkError': org.eclipse.cdt.utils.spawner.SpawnerInputStream.available0(I)I> (0x000000078beb12c0) thrown at [/HUDSON3/workspace/8-2-build-macosx-x86_64/jdk8u73/6086/hotspot/src/share/vm/prims/nativeLookup.cpp, line 378]
Event: 11458.212 Thread 0x0000000101df9800 Exception <a 'java/lang/UnsatisfiedLinkError': org.eclipse.cdt.utils.spawner.SpawnerInputStream.available0(I)I> (0x000000078beb37f8) thrown at [/HUDSON3/workspace/8-2-build-macosx-x86_64/jdk8u73/6086/hotspot/src/share/vm/prims/nativeLookup.cpp, line 378]
Event: 11458.214 Thread 0x0000000101df9800 Exception <a 'java/lang/UnsatisfiedLinkError': org.eclipse.cdt.utils.spawner.SpawnerInputStream.available0(I)I> (0x000000078beb5d58) thrown at [/HUDSON3/workspace/8-2-build-macosx-x86_64/jdk8u73/6086/hotspot/src/share/vm/prims/nativeLookup.cpp, line 378]
Event: 11458.322 Thread 0x0000000101df9800 Exception <a 'java/lang/UnsatisfiedLinkError': org.eclipse.cdt.utils.spawner.SpawnerInputStream.available0(I)I> (0x000000078beb88d0) thrown at [/HUDSON3/workspace/8-2-build-macosx-x86_64/jdk8u73/6086/hotspot/src/share/vm/prims/nativeLookup.cpp, line 378]
Event: 11458.324 Thread 0x0000000101df9800 Exception <a 'java/lang/UnsatisfiedLinkError': org.eclipse.cdt.utils.spawner.SpawnerInputStream.available0(I)I> (0x000000078bebaf48) thrown at [/HUDSON3/workspace/8-2-build-macosx-x86_64/jdk8u73/6086/hotspot/src/share/vm/prims/nativeLookup.cpp, line 378]

Events (10 events):
Event: 11458.378 Executing VM operation: RevokeBias done
Event: 11458.381 Executing VM operation: RevokeBias
Event: 11458.381 Executing VM operation: RevokeBias done
Event: 11458.431 Executing VM operation: RevokeBias
Event: 11458.431 Executing VM operation: RevokeBias done
Event: 11458.520 Executing VM operation: RevokeBias
Event: 11458.521 Executing VM operation: RevokeBias done
Event: 11458.522 Executing VM operation: RevokeBias
Event: 11458.523 Executing VM operation: RevokeBias done
Event: 11458.528 Thread 0x0000000101df9800 Thread added: 0x0000000101df9800


Dynamic libraries:
0x000000004f120000 	/System/Library/Frameworks/Cocoa.framework/Versions/A/Cocoa
0x000000004f120000 	/usr/lib/libSystem.B.dylib
0x000000004f120000 	/System/Library/Frameworks/CoreServices.framework/Versions/A/CoreServices
0x000000004f120000 	/usr/lib/libobjc.A.dylib
0x000000004f120000 	/System/Library/Frameworks/CoreFoundation.framework/Versions/A/CoreFoundation
0x000000004f120000 	/System/Library/Frameworks/AppKit.framework/Versions/C/AppKit
0x000000004f120000 	/System/Library/Frameworks/ApplicationServices.framework/Versions/A/ApplicationServices
0x000000004f120000 	/System/Library/Frameworks/Foundation.framework/Versions/C/Foundation
0x000000004f120000 	/System/Library/Frameworks/CoreData.framework/Versions/A/CoreData
0x000000004f120000 	/System/Library/PrivateFrameworks/RemoteViewServices.framework/Versions/A/RemoteViewServices
0x000000004f120000 	/System/Library/PrivateFrameworks/UIFoundation.framework/Versions/A/UIFoundation
0x000000004f120000 	/usr/lib/libenergytrace.dylib
0x000000004f120000 	/System/Library/PrivateFrameworks/SkyLight.framework/Versions/A/SkyLight
0x000000004f120000 	/System/Library/Frameworks/CoreGraphics.framework/Versions/A/CoreGraphics
0x000000004f120000 	/usr/lib/libScreenReader.dylib
0x000000004f120000 	/System/Library/Frameworks/Accelerate.framework/Versions/A/Accelerate
0x000000004f120000 	/System/Library/Frameworks/IOSurface.framework/Versions/A/IOSurface
0x000000004f120000 	/System/Library/Frameworks/AudioToolbox.framework/Versions/A/AudioToolbox
0x000000004f120000 	/System/Library/Frameworks/AudioUnit.framework/Versions/A/AudioUnit
0x000000004f120000 	/System/Library/PrivateFrameworks/DataDetectorsCore.framework/Versions/A/DataDetectorsCore
0x000000004f120000 	/System/Library/PrivateFrameworks/DesktopServicesPriv.framework/Versions/A/DesktopServicesPriv
0x000000004f120000 	/System/Library/Frameworks/Carbon.framework/Versions/A/Frameworks/HIToolbox.framework/Versions/A/HIToolbox
0x000000004f120000 	/usr/lib/libicucore.A.dylib
0x000000004f120000 	/usr/lib/libz.1.dylib
0x000000004f120000 	/System/Library/Frameworks/QuartzCore.framework/Versions/A/QuartzCore
0x000000004f120000 	/System/Library/Frameworks/Security.framework/Versions/A/Security
0x000000004f120000 	/System/Library/Frameworks/Carbon.framework/Versions/A/Frameworks/SpeechRecognition.framework/Versions/A/SpeechRecognition
0x000000004f120000 	/usr/lib/libauto.dylib
0x000000004f120000 	/usr/lib/libxml2.2.dylib
0x000000004f120000 	/System/Library/PrivateFrameworks/CoreUI.framework/Versions/A/CoreUI
0x000000004f120000 	/System/Library/Frameworks/CoreAudio.framework/Versions/A/CoreAudio
0x000000004f120000 	/System/Library/Frameworks/DiskArbitration.framework/Versions/A/DiskArbitration
0x000000004f120000 	/usr/lib/liblangid.dylib
0x000000004f120000 	/System/Library/PrivateFrameworks/MultitouchSupport.framework/Versions/A/MultitouchSupport
0x000000004f120000 	/System/Library/Frameworks/IOKit.framework/Versions/A/IOKit
0x000000004f120000 	/usr/lib/libDiagnosticMessagesClient.dylib
0x000000004f120000 	/System/Library/PrivateFrameworks/PerformanceAnalysis.framework/Versions/A/PerformanceAnalysis
0x000000004f120000 	/System/Library/PrivateFrameworks/GenerationalStorage.framework/Versions/A/GenerationalStorage
0x000000004f120000 	/System/Library/Frameworks/OpenGL.framework/Versions/A/OpenGL
0x000000004f120000 	/System/Library/Frameworks/CoreImage.framework/Versions/A/CoreImage
0x000000004f120000 	/System/Library/Frameworks/CoreText.framework/Versions/A/CoreText
0x000000004f120000 	/System/Library/Frameworks/ImageIO.framework/Versions/A/ImageIO
0x000000004f120000 	/System/Library/PrivateFrameworks/Backup.framework/Versions/A/Backup
0x000000004f120000 	/usr/lib/libarchive.2.dylib
0x000000004f120000 	/System/Library/Frameworks/CFNetwork.framework/Versions/A/CFNetwork
0x000000004f120000 	/System/Library/Frameworks/SystemConfiguration.framework/Versions/A/SystemConfiguration
0x000000004f120000 	/usr/lib/libCRFSuite.dylib
0x000000004f120000 	/usr/lib/libc++.1.dylib
0x000000004f120000 	/usr/lib/libc++abi.dylib
0x000000004f120000 	/usr/lib/system/libcache.dylib
0x000000004f120000 	/usr/lib/system/libcommonCrypto.dylib
0x000000004f120000 	/usr/lib/system/libcompiler_rt.dylib
0x000000004f120000 	/usr/lib/system/libcopyfile.dylib
0x000000004f120000 	/usr/lib/system/libcorecrypto.dylib
0x000000004f120000 	/usr/lib/system/libdispatch.dylib
0x000000004f120000 	/usr/lib/system/libdyld.dylib
0x000000004f120000 	/usr/lib/system/libkeymgr.dylib
0x000000004f120000 	/usr/lib/system/liblaunch.dylib
0x000000004f120000 	/usr/lib/system/libmacho.dylib
0x000000004f120000 	/usr/lib/system/libquarantine.dylib
0x000000004f120000 	/usr/lib/system/libremovefile.dylib
0x000000004f120000 	/usr/lib/system/libsystem_asl.dylib
0x000000004f120000 	/usr/lib/system/libsystem_blocks.dylib
0x000000004f120000 	/usr/lib/system/libsystem_c.dylib
0x000000004f120000 	/usr/lib/system/libsystem_configuration.dylib
0x000000004f120000 	/usr/lib/system/libsystem_coreservices.dylib
0x000000004f120000 	/usr/lib/system/libsystem_coretls.dylib
0x000000004f120000 	/usr/lib/system/libsystem_dnssd.dylib
0x000000004f120000 	/usr/lib/system/libsystem_info.dylib
0x000000004f120000 	/usr/lib/system/libsystem_kernel.dylib
0x000000004f120000 	/usr/lib/system/libsystem_m.dylib
0x000000004f120000 	/usr/lib/system/libsystem_malloc.dylib
0x000000004f120000 	/usr/lib/system/libsystem_network.dylib
0x000000004f120000 	/usr/lib/system/libsystem_networkextension.dylib
0x000000004f120000 	/usr/lib/system/libsystem_notify.dylib
0x000000004f120000 	/usr/lib/system/libsystem_platform.dylib
0x000000004f120000 	/usr/lib/system/libsystem_pthread.dylib
0x000000004f120000 	/usr/lib/system/libsystem_sandbox.dylib
0x000000004f120000 	/usr/lib/system/libsystem_secinit.dylib
0x000000004f120000 	/usr/lib/system/libsystem_symptoms.dylib
0x000000004f120000 	/usr/lib/system/libsystem_trace.dylib
0x000000004f120000 	/usr/lib/system/libunwind.dylib
0x000000004f120000 	/usr/lib/system/libxpc.dylib
0x000000004f120000 	/usr/lib/libbsm.0.dylib
0x000000004f120000 	/usr/lib/system/libkxld.dylib
0x000000004f120000 	/usr/lib/libcoretls.dylib
0x000000004f120000 	/usr/lib/libcoretls_cfhelpers.dylib
0x000000004f120000 	/usr/lib/libxar.1.dylib
0x000000004f120000 	/usr/lib/libsqlite3.dylib
0x000000004f120000 	/usr/lib/libpam.2.dylib
0x000000004f120000 	/usr/lib/libOpenScriptingUtil.dylib
0x000000004f120000 	/usr/lib/libbz2.1.0.dylib
0x000000004f120000 	/usr/lib/liblzma.5.dylib
0x000000004f120000 	/usr/lib/libnetwork.dylib
0x000000004f120000 	/usr/lib/libpcap.A.dylib
0x000000004f120000 	/System/Library/Frameworks/CoreServices.framework/Versions/A/Frameworks/FSEvents.framework/Versions/A/FSEvents
0x000000004f120000 	/System/Library/Frameworks/CoreServices.framework/Versions/A/Frameworks/CarbonCore.framework/Versions/A/CarbonCore
0x000000004f120000 	/System/Library/Frameworks/CoreServices.framework/Versions/A/Frameworks/Metadata.framework/Versions/A/Metadata
0x000000004f120000 	/System/Library/Frameworks/CoreServices.framework/Versions/A/Frameworks/OSServices.framework/Versions/A/OSServices
0x000000004f120000 	/System/Library/Frameworks/CoreServices.framework/Versions/A/Frameworks/SearchKit.framework/Versions/A/SearchKit
0x000000004f120000 	/System/Library/Frameworks/CoreServices.framework/Versions/A/Frameworks/AE.framework/Versions/A/AE
0x000000004f120000 	/System/Library/Frameworks/CoreServices.framework/Versions/A/Frameworks/LaunchServices.framework/Versions/A/LaunchServices
0x000000004f120000 	/System/Library/Frameworks/CoreServices.framework/Versions/A/Frameworks/DictionaryServices.framework/Versions/A/DictionaryServices
0x000000004f120000 	/System/Library/Frameworks/CoreServices.framework/Versions/A/Frameworks/SharedFileList.framework/Versions/A/SharedFileList
0x000000004f120000 	/System/Library/Frameworks/NetFS.framework/Versions/A/NetFS
0x000000004f120000 	/System/Library/PrivateFrameworks/NetAuth.framework/Versions/A/NetAuth
0x000000004f120000 	/System/Library/PrivateFrameworks/login.framework/Versions/A/Frameworks/loginsupport.framework/Versions/A/loginsupport
0x000000004f120000 	/System/Library/PrivateFrameworks/TCC.framework/Versions/A/TCC
0x000000004f120000 	/usr/lib/libmecabra.dylib
0x000000004f120000 	/System/Library/Frameworks/ApplicationServices.framework/Versions/A/Frameworks/ATS.framework/Versions/A/ATS
0x000000004f120000 	/System/Library/Frameworks/ApplicationServices.framework/Versions/A/Frameworks/ColorSync.framework/Versions/A/ColorSync
0x000000004f120000 	/System/Library/Frameworks/ApplicationServices.framework/Versions/A/Frameworks/HIServices.framework/Versions/A/HIServices
0x000000004f120000 	/System/Library/Frameworks/ApplicationServices.framework/Versions/A/Frameworks/LangAnalysis.framework/Versions/A/LangAnalysis
0x000000004f120000 	/System/Library/Frameworks/ApplicationServices.framework/Versions/A/Frameworks/PrintCore.framework/Versions/A/PrintCore
0x000000004f120000 	/System/Library/Frameworks/ApplicationServices.framework/Versions/A/Frameworks/QD.framework/Versions/A/QD
0x000000004f120000 	/System/Library/Frameworks/ApplicationServices.framework/Versions/A/Frameworks/SpeechSynthesis.framework/Versions/A/SpeechSynthesis
0x000000004f120000 	/System/Library/Frameworks/Accelerate.framework/Versions/A/Frameworks/vImage.framework/Versions/A/vImage
0x000000004f120000 	/System/Library/Frameworks/Accelerate.framework/Versions/A/Frameworks/vecLib.framework/Versions/A/vecLib
0x000000004f120000 	/System/Library/Frameworks/Accelerate.framework/Versions/A/Frameworks/vecLib.framework/Versions/A/libvDSP.dylib
0x000000004f120000 	/System/Library/Frameworks/Accelerate.framework/Versions/A/Frameworks/vecLib.framework/Versions/A/libBNNS.dylib
0x000000004f120000 	/System/Library/Frameworks/Accelerate.framework/Versions/A/Frameworks/vecLib.framework/Versions/A/libQuadrature.dylib
0x000000004f120000 	/System/Library/Frameworks/Accelerate.framework/Versions/A/Frameworks/vecLib.framework/Versions/A/libvMisc.dylib
0x000000004f120000 	/System/Library/Frameworks/Accelerate.framework/Versions/A/Frameworks/vecLib.framework/Versions/A/libLAPACK.dylib
0x000000004f120000 	/System/Library/Frameworks/Accelerate.framework/Versions/A/Frameworks/vecLib.framework/Versions/A/libBLAS.dylib
0x000000004f120000 	/System/Library/Frameworks/Accelerate.framework/Versions/A/Frameworks/vecLib.framework/Versions/A/libLinearAlgebra.dylib
0x000000004f120000 	/System/Library/Frameworks/Accelerate.framework/Versions/A/Frameworks/vecLib.framework/Versions/A/libSparseBLAS.dylib
0x000000004f120000 	/System/Library/Frameworks/ApplicationServices.framework/Versions/A/Frameworks/ATS.framework/Versions/A/Resources/libFontParser.dylib
0x000000004f120000 	/System/Library/Frameworks/ApplicationServices.framework/Versions/A/Frameworks/ATS.framework/Versions/A/Resources/libFontRegistry.dylib
0x000000004f120000 	/System/Library/Frameworks/ImageIO.framework/Versions/A/Resources/libJPEG.dylib
0x000000004f120000 	/System/Library/Frameworks/ImageIO.framework/Versions/A/Resources/libTIFF.dylib
0x000000004f120000 	/System/Library/Frameworks/ImageIO.framework/Versions/A/Resources/libPng.dylib
0x000000004f120000 	/System/Library/Frameworks/ImageIO.framework/Versions/A/Resources/libGIF.dylib
0x000000004f120000 	/System/Library/Frameworks/ImageIO.framework/Versions/A/Resources/libJP2.dylib
0x000000004f120000 	/System/Library/Frameworks/ImageIO.framework/Versions/A/Resources/libRadiance.dylib
0x000000004f120000 	/usr/lib/libcompression.dylib
0x000000004f120000 	/System/Library/PrivateFrameworks/AppleJPEG.framework/Versions/A/AppleJPEG
0x000000004f120000 	/usr/lib/libcups.2.dylib
0x000000004f120000 	/System/Library/Frameworks/Kerberos.framework/Versions/A/Kerberos
0x000000004f120000 	/System/Library/Frameworks/GSS.framework/Versions/A/GSS
0x000000004f120000 	/usr/lib/libresolv.9.dylib
0x000000004f120000 	/usr/lib/libiconv.2.dylib
0x000000004f120000 	/System/Library/PrivateFrameworks/Heimdal.framework/Versions/A/Heimdal
0x000000004f120000 	/usr/lib/libheimdal-asn1.dylib
0x000000004f120000 	/System/Library/Frameworks/OpenDirectory.framework/Versions/A/OpenDirectory
0x000000004f120000 	/System/Library/PrivateFrameworks/CommonAuth.framework/Versions/A/CommonAuth
0x000000004f120000 	/System/Library/Frameworks/OpenDirectory.framework/Versions/A/Frameworks/CFOpenDirectory.framework/Versions/A/CFOpenDirectory
0x000000004f120000 	/System/Library/Frameworks/SecurityFoundation.framework/Versions/A/SecurityFoundation
0x000000004f120000 	/System/Library/PrivateFrameworks/LanguageModeling.framework/Versions/A/LanguageModeling
0x000000004f120000 	/usr/lib/libmarisa.dylib
0x000000004f120000 	/usr/lib/libChineseTokenizer.dylib
0x000000004f120000 	/usr/lib/libcmph.dylib
0x000000004f120000 	/System/Library/PrivateFrameworks/CoreEmoji.framework/Versions/A/CoreEmoji
0x000000004f120000 	/System/Library/Frameworks/ServiceManagement.framework/Versions/A/ServiceManagement
0x000000004f120000 	/usr/lib/libxslt.1.dylib
0x000000004f120000 	/System/Library/Frameworks/Carbon.framework/Versions/A/Frameworks/Ink.framework/Versions/A/Ink
0x000000004f120000 	/System/Library/PrivateFrameworks/TextureIO.framework/Versions/A/TextureIO
0x000000004f120000 	/System/Library/Frameworks/Metal.framework/Versions/A/Metal
0x000000004f120000 	/usr/lib/libate.dylib
0x000000004f120000 	/System/Library/PrivateFrameworks/GPUCompiler.framework/libmetal_timestamp.dylib
0x000000004f120000 	/System/Library/Frameworks/OpenGL.framework/Versions/A/Libraries/libCoreFSCache.dylib
0x000000004f120000 	/System/Library/PrivateFrameworks/IOAccelerator.framework/Versions/A/IOAccelerator
0x000000004f120000 	/System/Library/Frameworks/CoreVideo.framework/Versions/A/CoreVideo
0x000000004f120000 	/usr/lib/libFosl_dynamic.dylib
0x000000004f120000 	/System/Library/PrivateFrameworks/MetalPerformanceShaders.framework/Versions/A/MetalPerformanceShaders
0x000000004f120000 	/System/Library/PrivateFrameworks/FaceCore.framework/Versions/A/FaceCore
0x000000004f120000 	/System/Library/Frameworks/OpenCL.framework/Versions/A/OpenCL
0x000000004f120000 	/System/Library/Frameworks/OpenGL.framework/Versions/A/Libraries/libGLU.dylib
0x000000004f120000 	/System/Library/Frameworks/OpenGL.framework/Versions/A/Libraries/libGFXShared.dylib
0x000000004f120000 	/System/Library/Frameworks/OpenGL.framework/Versions/A/Libraries/libGL.dylib
0x000000004f120000 	/System/Library/Frameworks/OpenGL.framework/Versions/A/Libraries/libGLImage.dylib
0x000000004f120000 	/System/Library/Frameworks/OpenGL.framework/Versions/A/Libraries/libCVMSPluginSupport.dylib
0x000000004f120000 	/System/Library/Frameworks/OpenGL.framework/Versions/A/Libraries/libCoreVMClient.dylib
0x000000004f120000 	/System/Library/PrivateFrameworks/CrashReporterSupport.framework/Versions/A/CrashReporterSupport
0x000000004f120000 	/System/Library/PrivateFrameworks/Sharing.framework/Versions/A/Sharing
0x000000004f120000 	/System/Library/PrivateFrameworks/IconServices.framework/Versions/A/IconServices
0x000000004f120000 	/System/Library/PrivateFrameworks/ProtocolBuffer.framework/Versions/A/ProtocolBuffer
0x000000004f120000 	/System/Library/PrivateFrameworks/Apple80211.framework/Versions/A/Apple80211
0x000000004f120000 	/System/Library/Frameworks/CoreWLAN.framework/Versions/A/CoreWLAN
0x000000004f120000 	/System/Library/PrivateFrameworks/CoreUtils.framework/Versions/A/CoreUtils
0x000000004f120000 	/System/Library/Frameworks/IOBluetooth.framework/Versions/A/IOBluetooth
0x000000004f120000 	/System/Library/PrivateFrameworks/CoreWiFi.framework/Versions/A/CoreWiFi
0x000000004f120000 	/System/Library/Frameworks/CoreBluetooth.framework/Versions/A/CoreBluetooth
0x000000004f120000 	/System/Library/Frameworks/CoreDisplay.framework/Versions/A/CoreDisplay
0x000000004f120000 	/System/Library/PrivateFrameworks/IOPresentment.framework/Versions/A/IOPresentment
0x000000004f120000 	/System/Library/PrivateFrameworks/DebugSymbols.framework/Versions/A/DebugSymbols
0x000000004f120000 	/System/Library/PrivateFrameworks/CoreSymbolication.framework/Versions/A/CoreSymbolication
0x000000004f120000 	/System/Library/PrivateFrameworks/Symbolication.framework/Versions/A/Symbolication
0x000000004f120000 	/System/Library/PrivateFrameworks/AppleFSCompression.framework/Versions/A/AppleFSCompression
0x000000004f120000 	/System/Library/PrivateFrameworks/SpeechRecognitionCore.framework/Versions/A/SpeechRecognitionCore
0x000000004f120000 	/System/Library/PrivateFrameworks/ChunkingLibrary.framework/Versions/A/ChunkingLibrary
0x0000000100309000 	/Applications/Eclipse.app/Contents/Eclipse/plugins/org.eclipse.equinox.launcher.cocoa.macosx.x86_64_1.1.400.v20160518-1444/eclipse_1615.so
0x000000004f120000 	/System/Library/PrivateFrameworks/CoreServicesInternal.framework/Versions/A/CoreServicesInternal
0x000000010034a000 	/Library/Java/JavaVirtualMachines/jdk1.8.0_73.jdk/Contents/MacOS/libjli.dylib
0x0000000107000000 	/Library/Java/JavaVirtualMachines/jdk1.8.0_73.jdk/Contents/Home/jre//lib/server/libjvm.dylib
0x000000004f120000 	/usr/lib/libstdc++.6.dylib
0x000000010035a000 	/Library/Java/JavaVirtualMachines/jdk1.8.0_73.jdk/Contents/Home/jre/lib/libverify.dylib
0x0000000100368000 	/Library/Java/JavaVirtualMachines/jdk1.8.0_73.jdk/Contents/Home/jre/lib/libjava.dylib
0x00000001003a6000 	/Library/Java/JavaVirtualMachines/jdk1.8.0_73.jdk/Contents/Home/jre/lib/libzip.dylib
0x000000010db53000 	/System/Library/Frameworks/JavaVM.framework/Frameworks/JavaRuntimeSupport.framework/JavaRuntimeSupport
0x0000000103ce9000 	/System/Library/Frameworks/JavaVM.framework/Versions/A/Frameworks/JavaNativeFoundation.framework/Versions/A/JavaNativeFoundation
0x00000001003f0000 	/System/Library/Frameworks/JavaVM.framework/Versions/A/JavaVM
0x000000004f120000 	/System/Library/Frameworks/Carbon.framework/Versions/A/Carbon
0x00000001057e8000 	/System/Library/PrivateFrameworks/JavaLaunching.framework/Versions/A/JavaLaunching
0x000000004f120000 	/System/Library/Frameworks/Carbon.framework/Versions/A/Frameworks/CommonPanels.framework/Versions/A/CommonPanels
0x000000004f120000 	/System/Library/Frameworks/Carbon.framework/Versions/A/Frameworks/Help.framework/Versions/A/Help
0x000000004f120000 	/System/Library/Frameworks/Carbon.framework/Versions/A/Frameworks/ImageCapture.framework/Versions/A/ImageCapture
0x000000004f120000 	/System/Library/Frameworks/Carbon.framework/Versions/A/Frameworks/OpenScripting.framework/Versions/A/OpenScripting
0x000000004f120000 	/System/Library/Frameworks/Carbon.framework/Versions/A/Frameworks/Print.framework/Versions/A/Print
0x000000004f120000 	/System/Library/Frameworks/Carbon.framework/Versions/A/Frameworks/SecurityHI.framework/Versions/A/SecurityHI
0x000000004f120000 	/System/Library/CoreServices/RawCamera.bundle/Contents/MacOS/RawCamera
0x000000004f120000 	/System/Library/Frameworks/Accelerate.framework/Versions/A/Frameworks/vImage.framework/Versions/A/Libraries/libCGInterfaces.dylib
0x000000004f120000 	/System/Library/PrivateFrameworks/FamilyControls.framework/Versions/A/FamilyControls
0x000000004f120000 	/System/Library/PrivateFrameworks/CommerceKit.framework/Versions/A/Frameworks/CommerceCore.framework/Versions/A/CommerceCore
0x000000004f120000 	/System/Library/PrivateFrameworks/SystemAdministration.framework/Versions/A/SystemAdministration
0x000000004f120000 	/System/Library/PrivateFrameworks/AppContainer.framework/Versions/A/AppContainer
0x000000004f120000 	/System/Library/PrivateFrameworks/SecCodeWrapper.framework/Versions/A/SecCodeWrapper
0x000000004f120000 	/System/Library/Frameworks/DirectoryService.framework/Versions/A/DirectoryService
0x000000004f120000 	/System/Library/PrivateFrameworks/DiskImages.framework/Versions/A/DiskImages
0x000000004f120000 	/System/Library/PrivateFrameworks/LoginUIKit.framework/Versions/A/Frameworks/LoginUICore.framework/Versions/A/LoginUICore
0x000000004f120000 	/usr/lib/libCoreStorage.dylib
0x000000004f120000 	/usr/lib/libcsfde.dylib
0x000000004f120000 	/usr/lib/libodfde.dylib
0x000000004f120000 	/System/Library/Frameworks/DiscRecording.framework/Versions/A/DiscRecording
0x000000004f120000 	/usr/lib/libcurl.4.dylib
0x000000004f120000 	/System/Library/PrivateFrameworks/MediaKit.framework/Versions/A/MediaKit
0x000000004f120000 	/System/Library/PrivateFrameworks/ProtectedCloudStorage.framework/Versions/A/ProtectedCloudStorage
0x000000004f120000 	/System/Library/PrivateFrameworks/EFILogin.framework/Versions/A/EFILogin
0x000000004f120000 	/usr/lib/libutil.dylib
0x000000004f120000 	/System/Library/Frameworks/LDAP.framework/Versions/A/LDAP
0x000000004f120000 	/usr/lib/libsasl2.2.dylib
0x000000004f120000 	/System/Library/PrivateFrameworks/CoreDaemon.framework/Versions/B/CoreDaemon
0x000000004f120000 	/System/Library/PrivateFrameworks/AppleSRP.framework/Versions/A/AppleSRP
0x000000004f120000 	/System/Library/PrivateFrameworks/APFS.framework/Versions/A/APFS
0x000000004f120000 	/System/Library/Frameworks/ApplicationServices.framework/Versions/A/Frameworks/ATS.framework/Versions/A/Resources/libTrueTypeScaler.dylib
0x000000004f120000 	/System/Library/Frameworks/OpenGL.framework/Versions/A/Resources/GLEngine.bundle/GLEngine
0x000000004f120000 	/System/Library/Frameworks/OpenGL.framework/Versions/A/Libraries/libGLProgrammability.dylib
0x0000000121000000 	/System/Library/Extensions/AppleIntelHD3000GraphicsGLDriver.bundle/Contents/MacOS/AppleIntelHD3000GraphicsGLDriver
0x000000004f120000 	/System/Library/PrivateFrameworks/GPUSupport.framework/Versions/A/Libraries/libGPUSupport.dylib
0x0000000120600000 	/System/Library/Extensions/AMDRadeonX3000GLDriver.bundle/Contents/MacOS/AMDRadeonX3000GLDriver
0x000000004f120000 	/System/Library/PrivateFrameworks/GPUSupport.framework/Versions/A/Libraries/libGPUSupportMercury.dylib
0x00000001214bc000 	/System/Library/Extensions/AMDRadeonX3000GLDriver.bundle/Contents/MacOS/ATIRadeonX3000SCLib.dylib
0x000000004f120000 	/System/Library/Frameworks/OpenGL.framework/Versions/A/Resources/GLRendererFloat.bundle/GLRendererFloat
0x000000004f120000 	/System/Library/Frameworks/OpenCL.framework/Versions/A/Libraries/libcldcpuengine.dylib
0x000000004f120000 	/usr/lib/libcrypto.0.9.8.dylib
0x000000004f120000 	/System/Library/PrivateFrameworks/TrustEvaluationAgent.framework/Versions/A/TrustEvaluationAgent
0x000000011e255000 	/Library/Java/JavaVirtualMachines/jdk1.8.0_73.jdk/Contents/Home/jre/lib/libnet.dylib
0x000000010db8e000 	/Library/Java/JavaVirtualMachines/jdk1.8.0_73.jdk/Contents/Home/jre/lib/libnio.dylib
0x000000004f120000 	/System/Library/PrivateFrameworks/ViewBridge.framework/Versions/A/ViewBridge
0x000000004f120000 	/System/Library/PrivateFrameworks/XPCService.framework/Versions/A/XPCService
0x000000004f120000 	/System/Library/PrivateFrameworks/AppSandbox.framework/Versions/A/AppSandbox
0x000000004f120000 	/usr/lib/libsandbox.1.dylib
0x000000004f120000 	/usr/lib/libMatch.1.dylib
0x0000000121d96000 	/Applications/Eclipse.app/Contents/Eclipse/configuration/org.eclipse.osgi/409/0/.cp/libswt-cocoa-4623.jnilib
0x000000004f120000 	/System/Library/Frameworks/WebKit.framework/Versions/A/WebKit
0x000000004f120000 	/System/Library/Frameworks/JavaScriptCore.framework/Versions/A/JavaScriptCore
0x000000004f120000 	/System/Library/Frameworks/SecurityInterface.framework/Versions/A/SecurityInterface
0x000000004f120000 	/System/Library/Frameworks/WebKit.framework/Versions/A/Frameworks/WebKitLegacy.framework/Versions/A/WebKitLegacy
0x000000004f120000 	/System/Library/Frameworks/WebKit.framework/Versions/A/Frameworks/WebCore.framework/Versions/A/WebCore
0x0000000121de2000 	/Applications/Eclipse.app/Contents/Eclipse/configuration/org.eclipse.osgi/409/0/.cp/libswt-pi-cocoa-4623.jnilib
0x000000004f120000 	/System/Library/PrivateFrameworks/CloudDocs.framework/Versions/A/CloudDocs
0x000000004f120000 	/System/Library/Frameworks/CloudKit.framework/Versions/A/CloudKit
0x000000004f120000 	/System/Library/PrivateFrameworks/MMCS.framework/Versions/A/MMCS
0x000000004f120000 	/System/Library/Frameworks/CoreLocation.framework/Versions/A/CoreLocation
0x000000004f120000 	/System/Library/PrivateFrameworks/AssetCacheServices.framework/Versions/A/AssetCacheServices
0x000000004f120000 	/System/Library/PrivateFrameworks/GeoServices.framework/Versions/A/GeoServices
0x00000001202c0000 	/System/Library/PrivateFrameworks/CoreNLP.framework/Versions/A/CoreNLP
0x000000012010c000 	/Applications/Eclipse.app/Contents/Eclipse/configuration/org.eclipse.osgi/100/0/.cp/os/macosx/libunixfile_1_0_0.jnilib
0x0000000120407000 	/Library/Java/JavaVirtualMachines/jdk1.8.0_73.jdk/Contents/Home/jre/lib/libsunec.dylib
0x0000000121fef000 	cl_kernels
0x000000004f120000 	/System/Library/Frameworks/OpenCL.framework/Versions/A/Libraries/ImageFormats/unorm8_bgra.dylib
0x000000011e196000 	cl_kernels
0x000000011e1ce000 	/Applications/Eclipse.app/Contents/Eclipse/configuration/org.eclipse.osgi/59/0/.cp/os/macosx/x86_64/libspawner.jnilib
0x000000011e1d3000 	/Applications/Eclipse.app/Contents/Eclipse/configuration/org.eclipse.osgi/59/0/.cp/os/macosx/x86_64/libpty.jnilib
0x000000004f120000 	/System/Library/PrivateFrameworks/DataDetectors.framework/Versions/A/DataDetectors
0x000000004f120000 	/System/Library/Frameworks/AddressBook.framework/Versions/A/AddressBook
0x000000004f120000 	/System/Library/Frameworks/Quartz.framework/Versions/A/Quartz
0x000000004f120000 	/System/Library/PrivateFrameworks/ContactsPersistence.framework/Versions/A/ContactsPersistence
0x000000004f120000 	/System/Library/PrivateFrameworks/CalendarAgentLink.framework/Versions/A/CalendarAgentLink
0x000000004f120000 	/System/Library/PrivateFrameworks/ContactsFoundation.framework/Versions/A/ContactsFoundation
0x000000004f120000 	/System/Library/PrivateFrameworks/vCard.framework/Versions/A/vCard
0x000000004f120000 	/System/Library/PrivateFrameworks/IntlPreferences.framework/Versions/A/IntlPreferences
0x000000004f120000 	/System/Library/PrivateFrameworks/ToneLibrary.framework/Versions/A/ToneLibrary
0x000000004f120000 	/System/Library/PrivateFrameworks/ToneKit.framework/Versions/A/ToneKit
0x000000004f120000 	/System/Library/PrivateFrameworks/ApplePushService.framework/Versions/A/ApplePushService
0x000000004f120000 	/System/Library/PrivateFrameworks/PhoneNumbers.framework/Versions/A/PhoneNumbers
0x000000004f120000 	/System/Library/Frameworks/Accounts.framework/Versions/A/Accounts
0x000000004f120000 	/System/Library/PrivateFrameworks/OAuth.framework/Versions/A/OAuth
0x000000004f120000 	/System/Library/Frameworks/AVFoundation.framework/Versions/A/AVFoundation
0x000000004f120000 	/System/Library/Frameworks/AVFoundation.framework/Versions/A/Frameworks/AVFAudio.framework/Versions/A/AVFAudio
0x000000004f120000 	/System/Library/Frameworks/CoreMedia.framework/Versions/A/CoreMedia
0x000000004f120000 	/System/Library/Frameworks/MediaToolbox.framework/Versions/A/MediaToolbox
0x000000004f120000 	/System/Library/Frameworks/VideoToolbox.framework/Versions/A/VideoToolbox
0x000000004f120000 	/System/Library/Frameworks/CoreMediaIO.framework/Versions/A/CoreMediaIO
0x000000004f120000 	/usr/lib/libspindump.dylib
0x000000004f120000 	/usr/lib/libdscsym.dylib
0x000000004f120000 	/System/Library/PrivateFrameworks/CoreAVCHD.framework/Versions/A/CoreAVCHD
0x000000004f120000 	/System/Library/Frameworks/MediaAccessibility.framework/Versions/A/MediaAccessibility
0x000000004f120000 	/System/Library/PrivateFrameworks/Mangrove.framework/Versions/A/Mangrove
0x000000004f120000 	/System/Library/PrivateFrameworks/CoreAUC.framework/Versions/A/CoreAUC
0x000000004f120000 	/System/Library/PrivateFrameworks/AppleVA.framework/Versions/A/AppleVA
0x000000004f120000 	/System/Library/Frameworks/Quartz.framework/Versions/A/Frameworks/QuartzComposer.framework/Versions/A/QuartzComposer
0x000000004f120000 	/System/Library/Frameworks/Quartz.framework/Versions/A/Frameworks/PDFKit.framework/Versions/A/PDFKit
0x000000004f120000 	/System/Library/Frameworks/Quartz.framework/Versions/A/Frameworks/QuartzFilters.framework/Versions/A/QuartzFilters
0x000000004f120000 	/System/Library/Frameworks/Quartz.framework/Versions/A/Frameworks/ImageKit.framework/Versions/A/ImageKit
0x000000004f120000 	/System/Library/Frameworks/Quartz.framework/Versions/A/Frameworks/QuickLookUI.framework/Versions/A/QuickLookUI
0x000000004f120000 	/System/Library/Frameworks/QTKit.framework/Versions/A/QTKit
0x000000004f120000 	/System/Library/PrivateFrameworks/AppleSystemInfo.framework/Versions/A/AppleSystemInfo
0x000000004f120000 	/System/Library/PrivateFrameworks/CoreMediaAuthoring.framework/Versions/A/CoreMediaAuthoring
0x000000004f120000 	/System/Library/PrivateFrameworks/CorePDF.framework/Versions/A/CorePDF
0x000000004f120000 	/System/Library/Frameworks/QuickLook.framework/Versions/A/QuickLook
0x000000004f120000 	/System/Library/PrivateFrameworks/DisplayServices.framework/Versions/A/DisplayServices
0x000000004f120000 	/System/Library/Frameworks/ImageCaptureCore.framework/Versions/A/ImageCaptureCore
0x000000004f120000 	/System/Library/PrivateFrameworks/QuickLookThumbnailing.framework/Versions/A/QuickLookThumbnailing
0x000000004f120000 	/System/Library/Frameworks/SafariServices.framework/Versions/A/SafariServices
0x000000004f120000 	/System/Library/PrivateFrameworks/MobileKeyBag.framework/Versions/A/MobileKeyBag
0x000000004f120000 	/System/Library/PrivateFrameworks/Shortcut.framework/Versions/A/Shortcut
0x000000004f120000 	/System/Library/PrivateFrameworks/HelpData.framework/Versions/A/HelpData

VM Arguments:
jvm_args: -Dosgi.requiredJavaVersion=1.8 -XX:+UseG1GC -XX:+UseStringDeduplication -XstartOnFirstThread -Dorg.eclipse.swt.internal.carbon.smallFonts -Dosgi.requiredJavaVersion=1.8 -Xms256m -Xmx1024m -Xdock:icon=../Resources/Eclipse.icns -XstartOnFirstThread -Dorg.eclipse.swt.internal.carbon.smallFonts 
java_command: <unknown>
java_class_path (initial): /Applications/Eclipse.app/Contents/MacOS//../Eclipse/plugins/org.eclipse.equinox.launcher_1.3.200.v20160318-1642.jar
Launcher Type: generic

Environment Variables:
PATH=/usr/bin:/bin:/usr/sbin:/sbin
SHELL=/bin/bash
DISPLAY=/private/tmp/com.apple.launchd.pguDhe22iq/org.macosforge.xquartz:0

Signal Handlers:
SIGSEGV: [libjvm.dylib+0x5a71a5], sa_mask[0]=11111111011111110111111111111111, sa_flags=SA_ONSTACK|SA_RESTART|SA_SIGINFO
SIGBUS: [libjvm.dylib+0x5a71a5], sa_mask[0]=11111111011111110111111111111111, sa_flags=SA_RESTART|SA_SIGINFO
SIGFPE: [libjvm.dylib+0x480eb4], sa_mask[0]=11111111011111110111111111111111, sa_flags=SA_RESTART|SA_SIGINFO
SIGPIPE: [libjvm.dylib+0x480eb4], sa_mask[0]=11111111011111110111111111111111, sa_flags=SA_RESTART|SA_SIGINFO
SIGXFSZ: [libjvm.dylib+0x480eb4], sa_mask[0]=11111111011111110111111111111111, sa_flags=SA_RESTART|SA_SIGINFO
SIGILL: [libjvm.dylib+0x480eb4], sa_mask[0]=11111111011111110111111111111111, sa_flags=SA_RESTART|SA_SIGINFO
SIGUSR1: SIG_DFL, sa_mask[0]=00000000000000000000000000000000, sa_flags=none
SIGUSR2: [libjvm.dylib+0x4809d2], sa_mask[0]=00000000000000000000000000000000, sa_flags=SA_RESTART|SA_SIGINFO
SIGHUP: [libjvm.dylib+0x47efa9], sa_mask[0]=11111111011111110111111111111111, sa_flags=SA_RESTART|SA_SIGINFO
SIGINT: [libjvm.dylib+0x47efa9], sa_mask[0]=11111111011111110111111111111111, sa_flags=SA_RESTART|SA_SIGINFO
SIGTERM: [libjvm.dylib+0x47efa9], sa_mask[0]=11111111011111110111111111111111, sa_flags=SA_RESTART|SA_SIGINFO
SIGQUIT: [libjvm.dylib+0x47efa9], sa_mask[0]=11111111011111110111111111111111, sa_flags=SA_RESTART|SA_SIGINFO


---------------  S Y S T E M  ---------------

OS:Bsduname:Darwin 16.0.0 Darwin Kernel Version 16.0.0: Mon Aug 29 17:56:20 PDT 2016; root:xnu-3789.1.32~3/RELEASE_X86_64 x86_64
rlimit: STACK 8192k, CORE 0k, NPROC 709, NOFILE 10240, AS infinity
load average:2.24 2.14 2.10

CPU:total 8 (4 cores per cpu, 2 threads per core) family 6 model 42 stepping 7, cmov, cx8, fxsr, mmx, sse, sse2, sse3, ssse3, sse4.1, sse4.2, popcnt, avx, aes, clmul, ht, tsc, tscinvbit

Memory: 4k page, physical 16777216k(2264684k free)

/proc/meminfo:


vm_info: Java HotSpot(TM) 64-Bit Server VM (25.73-b02) for bsd-amd64 JRE (1.8.0_73-b02), built on Jan 29 2016 15:02:00 by "java_re" with gcc 4.2.1 (Based on Apple Inc. build 5658) (LLVM build 2336.11.00)

time: Tue Dec  6 12:56:39 2016
elapsed time: 11458 seconds (0d 3h 10m 58s)

